{
  message: '::1 - - [17/Apr/2022:07:14:18 +0000] "GET /v1//category/xyz/products HTTP/1.1" 200 2 "-" "PostmanRuntime/7.29.0"\n',
  level: 'info',
  timestamp: '2022-04-17T07:14:18.645Z'
}
{
  message: '::1 - - [17/Apr/2022:07:16:00 +0000] "GET /v1//category/xyz/products HTTP/1.1" 200 731 "-" "PostmanRuntime/7.29.0"\n',
  level: 'info',
  timestamp: '2022-04-17T07:16:00.718Z'
}
{
  message: '::1 - - [17/Apr/2022:07:16:41 +0000] "GET /v1//category/xyz/products HTTP/1.1" 200 731 "-" "PostmanRuntime/7.29.0"\n',
  level: 'info',
  timestamp: '2022-04-17T07:16:41.274Z'
}
{
  message: '::1 - - [17/Apr/2022:07:17:10 +0000] "GET /v1//category/xyz/products?page_no=2&limit=1 HTTP/1.1" 500 125 "-" "PostmanRuntime/7.29.0"\n',
  level: 'info',
  timestamp: '2022-04-17T07:17:10.878Z'
}
{
  message: '::1 - - [17/Apr/2022:07:17:50 +0000] "GET /v1//category/xyz/products?page_no=1&limit=1 HTTP/1.1" 500 125 "-" "PostmanRuntime/7.29.0"\n',
  level: 'info',
  timestamp: '2022-04-17T07:17:50.880Z'
}
{
  message: '::1 - - [17/Apr/2022:07:18:30 +0000] "GET /v1//category/xyz/products?page_no=1&limit=1 HTTP/1.1" 200 366 "-" "PostmanRuntime/7.29.0"\n',
  level: 'info',
  timestamp: '2022-04-17T07:18:30.112Z'
}
{
  message: '::1 - - [17/Apr/2022:07:18:48 +0000] "GET /v1//category/xyz/products?page_no=1&limit=1 HTTP/1.1" 200 366 "-" "PostmanRuntime/7.29.0"\n',
  level: 'info',
  timestamp: '2022-04-17T07:18:48.237Z'
}
{
  message: '::1 - - [17/Apr/2022:07:20:34 +0000] "GET /v1//category/xyz/products?page_no=2&limit=1 HTTP/1.1" 200 366 "-" "PostmanRuntime/7.29.0"\n',
  level: 'info',
  timestamp: '2022-04-17T07:20:34.373Z'
}
{
  message: '::1 - - [17/Apr/2022:07:21:02 +0000] "GET /v1//category/xyz/products?page_no=2&limit=10 HTTP/1.1" 200 2 "-" "PostmanRuntime/7.29.0"\n',
  level: 'info',
  timestamp: '2022-04-17T07:21:02.462Z'
}
{
  message: '::1 - - [17/Apr/2022:07:21:10 +0000] "GET /v1//category/xyz/products?page_no=1&limit=10 HTTP/1.1" 200 731 "-" "PostmanRuntime/7.29.0"\n',
  level: 'info',
  timestamp: '2022-04-17T07:21:10.659Z'
}
{
  message: '::1 - - [17/Apr/2022:07:21:19 +0000] "GET /v1//category/xyz/products?page_no=1&limit=10 HTTP/1.1" 200 731 "-" "PostmanRuntime/7.29.0"\n',
  level: 'info',
  timestamp: '2022-04-17T07:21:19.391Z'
}
