{
  message: '::1 - - [16/Apr/2022:13:30:23 +0000] "POST /v1/admin/product HTTP/1.1" 200 354 "-" "PostmanRuntime/7.29.0"\n',
  level: 'info',
  timestamp: '2022-04-16T13:30:23.475Z'
}
{
  message: '::1 - - [16/Apr/2022:13:33:14 +0000] "GET /static/images/product/625ac4ee957d5110f9287173/0.png HTTP/1.1" 200 86 "-" "PostmanRuntime/7.29.0"\n',
  level: 'info',
  timestamp: '2022-04-16T13:33:14.210Z'
}
{
  message: '::1 - - [16/Apr/2022:13:33:30 +0000] "GET /static/images/product/625ac4ee957d5110f9287173/0.png HTTP/1.1" 200 86 "-" "Mozilla/5.0 (Macintosh; Intel Mac OS X 10_15_7) AppleWebKit/537.36 (KHTML, like Gecko) Chrome/100.0.4896.88 Safari/537.36"\n',
  level: 'info',
  timestamp: '2022-04-16T13:33:30.566Z'
}
{
  message: '::1 - - [16/Apr/2022:13:33:30 +0000] "GET /favicon.ico HTTP/1.1" 404 150 "http://localhost:3000/static/images/product/625ac4ee957d5110f9287173/0.png" "Mozilla/5.0 (Macintosh; Intel Mac OS X 10_15_7) AppleWebKit/537.36 (KHTML, like Gecko) Chrome/100.0.4896.88 Safari/537.36"\n',
  level: 'info',
  timestamp: '2022-04-16T13:33:30.804Z'
}
{
  message: '::1 - - [16/Apr/2022:13:38:28 +0000] "POST /v1/admin/product HTTP/1.1" 200 354 "-" "PostmanRuntime/7.29.0"\n',
  level: 'info',
  timestamp: '2022-04-16T13:38:28.334Z'
}
{
  message: '::1 - - [16/Apr/2022:13:39:12 +0000] "POST /v1/admin/product HTTP/1.1" 200 354 "-" "PostmanRuntime/7.29.0"\n',
  level: 'info',
  timestamp: '2022-04-16T13:39:12.610Z'
}
{
  message: '::1 - - [16/Apr/2022:13:42:59 +0000] "POST /v1/admin/product HTTP/1.1" 200 354 "-" "PostmanRuntime/7.29.0"\n',
  level: 'info',
  timestamp: '2022-04-16T13:42:59.075Z'
}
{
  message: '::1 - - [16/Apr/2022:13:43:31 +0000] "POST /v1/admin/product HTTP/1.1" 200 354 "-" "PostmanRuntime/7.29.0"\n',
  level: 'info',
  timestamp: '2022-04-16T13:43:31.675Z'
}
{
  message: '::1 - - [16/Apr/2022:13:46:41 +0000] "POST /v1/admin/product HTTP/1.1" 200 354 "-" "PostmanRuntime/7.29.0"\n',
  level: 'info',
  timestamp: '2022-04-16T13:46:41.391Z'
}
{
  message: '::1 - - [16/Apr/2022:13:47:52 +0000] "POST /v1/admin/product HTTP/1.1" 200 354 "-" "PostmanRuntime/7.29.0"\n',
  level: 'info',
  timestamp: '2022-04-16T13:47:52.700Z'
}
{
  message: '::1 - - [16/Apr/2022:13:49:38 +0000] "POST /v1/admin/product HTTP/1.1" 200 354 "-" "PostmanRuntime/7.29.0"\n',
  level: 'info',
  timestamp: '2022-04-16T13:49:38.802Z'
}
{
  message: '::1 - - [16/Apr/2022:13:55:04 +0000] "POST /v1/admin/product HTTP/1.1" 200 354 "-" "PostmanRuntime/7.29.0"\n',
  level: 'info',
  timestamp: '2022-04-16T13:55:04.424Z'
}
{
  message: '::1 - - [16/Apr/2022:14:28:27 +0000] "POST /v1/pay/cod HTTP/1.1" - - "-" "PostmanRuntime/7.29.0"\n',
  level: 'info',
  timestamp: '2022-04-16T14:28:27.672Z'
}
{
  error: /Users/suvamgayen/My Project/go-mart-backend/controller/payment.controller.js:28
          const newOrderResult = await newOrder.save();
                                 ^^^^^
  
  SyntaxError: await is only valid in async function
      at wrapSafe (internal/modules/cjs/loader.js:984:16)
      at Module._compile (internal/modules/cjs/loader.js:1032:27)
      at Object.Module._extensions..js (internal/modules/cjs/loader.js:1097:10)
      at Module.load (internal/modules/cjs/loader.js:933:32)
      at Function.Module._load (internal/modules/cjs/loader.js:774:14)
      at Module.require (internal/modules/cjs/loader.js:957:19)
      at require (internal/modules/cjs/helpers.js:88:18)
      at Object.<anonymous> (/Users/suvamgayen/My Project/go-mart-backend/routes/payment.router.js:6:23)
      at Module._compile (internal/modules/cjs/loader.js:1068:30)
      at Object.Module._extensions..js (internal/modules/cjs/loader.js:1097:10)
      at Module.load (internal/modules/cjs/loader.js:933:32)
      at Function.Module._load (internal/modules/cjs/loader.js:774:14)
      at Module.require (internal/modules/cjs/loader.js:957:19)
      at require (internal/modules/cjs/helpers.js:88:18)
      at Object.<anonymous> (/Users/suvamgayen/My Project/go-mart-backend/app.js:39:21)
      at Module._compile (internal/modules/cjs/loader.js:1068:30),
  level: 'error',
  message: 'uncaughtException: await is only valid in async function\n' +
    '/Users/suvamgayen/My Project/go-mart-backend/controller/payment.controller.js:28\n' +
    '        const newOrderResult = await newOrder.save();\n' +
    '                               ^^^^^\n' +
    '\n' +
    'SyntaxError: await is only valid in async function\n' +
    '    at wrapSafe (internal/modules/cjs/loader.js:984:16)\n' +
    '    at Module._compile (internal/modules/cjs/loader.js:1032:27)\n' +
    '    at Object.Module._extensions..js (internal/modules/cjs/loader.js:1097:10)\n' +
    '    at Module.load (internal/modules/cjs/loader.js:933:32)\n' +
    '    at Function.Module._load (internal/modules/cjs/loader.js:774:14)\n' +
    '    at Module.require (internal/modules/cjs/loader.js:957:19)\n' +
    '    at require (internal/modules/cjs/helpers.js:88:18)\n' +
    '    at Object.<anonymous> (/Users/suvamgayen/My Project/go-mart-backend/routes/payment.router.js:6:23)\n' +
    '    at Module._compile (internal/modules/cjs/loader.js:1068:30)\n' +
    '    at Object.Module._extensions..js (internal/modules/cjs/loader.js:1097:10)\n' +
    '    at Module.load (internal/modules/cjs/loader.js:933:32)\n' +
    '    at Function.Module._load (internal/modules/cjs/loader.js:774:14)\n' +
    '    at Module.require (internal/modules/cjs/loader.js:957:19)\n' +
    '    at require (internal/modules/cjs/helpers.js:88:18)\n' +
    '    at Object.<anonymous> (/Users/suvamgayen/My Project/go-mart-backend/app.js:39:21)\n' +
    '    at Module._compile (internal/modules/cjs/loader.js:1068:30)',
  stack: '/Users/suvamgayen/My Project/go-mart-backend/controller/payment.controller.js:28\n' +
    '        const newOrderResult = await newOrder.save();\n' +
    '                               ^^^^^\n' +
    '\n' +
    'SyntaxError: await is only valid in async function\n' +
    '    at wrapSafe (internal/modules/cjs/loader.js:984:16)\n' +
    '    at Module._compile (internal/modules/cjs/loader.js:1032:27)\n' +
    '    at Object.Module._extensions..js (internal/modules/cjs/loader.js:1097:10)\n' +
    '    at Module.load (internal/modules/cjs/loader.js:933:32)\n' +
    '    at Function.Module._load (internal/modules/cjs/loader.js:774:14)\n' +
    '    at Module.require (internal/modules/cjs/loader.js:957:19)\n' +
    '    at require (internal/modules/cjs/helpers.js:88:18)\n' +
    '    at Object.<anonymous> (/Users/suvamgayen/My Project/go-mart-backend/routes/payment.router.js:6:23)\n' +
    '    at Module._compile (internal/modules/cjs/loader.js:1068:30)\n' +
    '    at Object.Module._extensions..js (internal/modules/cjs/loader.js:1097:10)\n' +
    '    at Module.load (internal/modules/cjs/loader.js:933:32)\n' +
    '    at Function.Module._load (internal/modules/cjs/loader.js:774:14)\n' +
    '    at Module.require (internal/modules/cjs/loader.js:957:19)\n' +
    '    at require (internal/modules/cjs/helpers.js:88:18)\n' +
    '    at Object.<anonymous> (/Users/suvamgayen/My Project/go-mart-backend/app.js:39:21)\n' +
    '    at Module._compile (internal/modules/cjs/loader.js:1068:30)',
  exception: true,
  date: 'Sat Apr 16 2022 19:59:35 GMT+0530 (India Standard Time)',
  process: {
    pid: 5818,
    uid: 501,
    gid: 20,
    cwd: '/Users/suvamgayen/My Project/go-mart-backend',
    execPath: '/usr/local/bin/node',
    version: 'v14.17.0',
    argv: [
      '/usr/local/bin/node',
      '/Users/suvamgayen/My Project/go-mart-backend/app.js'
    ],
    memoryUsage: {
      rss: 62656512,
      heapTotal: 35508224,
      heapUsed: 22231072,
      external: 20054858,
      arrayBuffers: 18505318
    }
  },
  os: {
    loadavg: [ 2.650390625, 2.74755859375, 2.71044921875 ],
    uptime: 14354
  },
  trace: [
    {
      column: 16,
      file: 'internal/modules/cjs/loader.js',
      function: 'wrapSafe',
      line: 984,
      method: null,
      native: false
    },
    {
      column: 27,
      file: 'internal/modules/cjs/loader.js',
      function: 'Module._compile',
      line: 1032,
      method: '_compile',
      native: false
    },
    {
      column: 10,
      file: 'internal/modules/cjs/loader.js',
      function: 'Module._extensions..js',
      line: 1097,
      method: '.js',
      native: false
    },
    {
      column: 32,
      file: 'internal/modules/cjs/loader.js',
      function: 'Module.load',
      line: 933,
      method: 'load',
      native: false
    },
    {
      column: 14,
      file: 'internal/modules/cjs/loader.js',
      function: 'Module._load',
      line: 774,
      method: '_load',
      native: false
    },
    {
      column: 19,
      file: 'internal/modules/cjs/loader.js',
      function: 'Module.require',
      line: 957,
      method: 'require',
      native: false
    },
    {
      column: 18,
      file: 'internal/modules/cjs/helpers.js',
      function: 'require',
      line: 88,
      method: null,
      native: false
    },
    {
      column: 23,
      file: '/Users/suvamgayen/My Project/go-mart-backend/routes/payment.router.js',
      function: null,
      line: 6,
      method: null,
      native: false
    },
    {
      column: 30,
      file: 'internal/modules/cjs/loader.js',
      function: 'Module._compile',
      line: 1068,
      method: '_compile',
      native: false
    },
    {
      column: 10,
      file: 'internal/modules/cjs/loader.js',
      function: 'Module._extensions..js',
      line: 1097,
      method: '.js',
      native: false
    },
    {
      column: 32,
      file: 'internal/modules/cjs/loader.js',
      function: 'Module.load',
      line: 933,
      method: 'load',
      native: false
    },
    {
      column: 14,
      file: 'internal/modules/cjs/loader.js',
      function: 'Module._load',
      line: 774,
      method: '_load',
      native: false
    },
    {
      column: 19,
      file: 'internal/modules/cjs/loader.js',
      function: 'Module.require',
      line: 957,
      method: 'require',
      native: false
    },
    {
      column: 18,
      file: 'internal/modules/cjs/helpers.js',
      function: 'require',
      line: 88,
      method: null,
      native: false
    },
    {
      column: 21,
      file: '/Users/suvamgayen/My Project/go-mart-backend/app.js',
      function: null,
      line: 39,
      method: null,
      native: false
    },
    {
      column: 30,
      file: 'internal/modules/cjs/loader.js',
      function: 'Module._compile',
      line: 1068,
      method: '_compile',
      native: false
    }
  ],
  timestamp: '2022-04-16T14:29:35.337Z'
}
