{
  message: '::1 - - [17/Apr/2022:10:35:24 +0000] "OPTIONS /v1/user/login HTTP/1.1" 200 4 "http://localhost:8100/" "Mozilla/5.0 (iPhone; CPU iPhone OS 13_2_3 like Mac OS X) AppleWebKit/605.1.15 (KHTML, like Gecko) Version/13.0.3 Mobile/15E148 Safari/604.1"\n',
  level: 'info',
  timestamp: '2022-04-17T10:35:24.049Z'
}
{
  message: '::1 - - [17/Apr/2022:10:35:25 +0000] "POST /v1/user/login HTTP/1.1" 200 41 "http://localhost:8100/" "Mozilla/5.0 (iPhone; CPU iPhone OS 13_2_3 like Mac OS X) AppleWebKit/605.1.15 (KHTML, like Gecko) Version/13.0.3 Mobile/15E148 Safari/604.1"\n',
  level: 'info',
  timestamp: '2022-04-17T10:35:25.203Z'
}
{
  message: '::1 - - [17/Apr/2022:10:39:10 +0000] "OPTIONS /v1/user/login HTTP/1.1" 200 4 "http://localhost:8100/" "Mozilla/5.0 (iPhone; CPU iPhone OS 13_2_3 like Mac OS X) AppleWebKit/605.1.15 (KHTML, like Gecko) Version/13.0.3 Mobile/15E148 Safari/604.1"\n',
  level: 'info',
  timestamp: '2022-04-17T10:39:10.387Z'
}
{
  message: '::1 - - [17/Apr/2022:10:39:11 +0000] "POST /v1/user/login HTTP/1.1" 200 41 "http://localhost:8100/" "Mozilla/5.0 (iPhone; CPU iPhone OS 13_2_3 like Mac OS X) AppleWebKit/605.1.15 (KHTML, like Gecko) Version/13.0.3 Mobile/15E148 Safari/604.1"\n',
  level: 'info',
  timestamp: '2022-04-17T10:39:11.509Z'
}
{
  message: '::1 - - [17/Apr/2022:10:39:33 +0000] "OPTIONS /v1/user/login HTTP/1.1" 200 4 "http://localhost:8100/" "Mozilla/5.0 (iPhone; CPU iPhone OS 13_2_3 like Mac OS X) AppleWebKit/605.1.15 (KHTML, like Gecko) Version/13.0.3 Mobile/15E148 Safari/604.1"\n',
  level: 'info',
  timestamp: '2022-04-17T10:39:33.547Z'
}
{
  message: '::1 - - [17/Apr/2022:10:39:34 +0000] "POST /v1/user/login HTTP/1.1" 200 41 "http://localhost:8100/" "Mozilla/5.0 (iPhone; CPU iPhone OS 13_2_3 like Mac OS X) AppleWebKit/605.1.15 (KHTML, like Gecko) Version/13.0.3 Mobile/15E148 Safari/604.1"\n',
  level: 'info',
  timestamp: '2022-04-17T10:39:34.648Z'
}
{
  message: '::1 - - [17/Apr/2022:10:44:06 +0000] "OPTIONS /v1/user/login HTTP/1.1" 200 4 "http://localhost:8100/" "Mozilla/5.0 (iPhone; CPU iPhone OS 13_2_3 like Mac OS X) AppleWebKit/605.1.15 (KHTML, like Gecko) Version/13.0.3 Mobile/15E148 Safari/604.1"\n',
  level: 'info',
  timestamp: '2022-04-17T10:44:06.634Z'
}
{
  message: '::1 - - [17/Apr/2022:10:44:07 +0000] "POST /v1/user/login HTTP/1.1" 200 41 "http://localhost:8100/" "Mozilla/5.0 (iPhone; CPU iPhone OS 13_2_3 like Mac OS X) AppleWebKit/605.1.15 (KHTML, like Gecko) Version/13.0.3 Mobile/15E148 Safari/604.1"\n',
  level: 'info',
  timestamp: '2022-04-17T10:44:07.677Z'
}
{
  message: '::1 - - [17/Apr/2022:10:53:04 +0000] "OPTIONS /v1/app/user/login/otpSubmit HTTP/1.1" 404 170 "http://localhost:8100/" "Mozilla/5.0 (iPhone; CPU iPhone OS 13_2_3 like Mac OS X) AppleWebKit/605.1.15 (KHTML, like Gecko) Version/13.0.3 Mobile/15E148 Safari/604.1"\n',
  level: 'info',
  timestamp: '2022-04-17T10:53:04.518Z'
}
{
  message: '::1 - - [17/Apr/2022:10:53:40 +0000] "OPTIONS /v1/app/user/login/otpSubmit HTTP/1.1" 404 170 "http://localhost:8100/" "Mozilla/5.0 (iPhone; CPU iPhone OS 13_2_3 like Mac OS X) AppleWebKit/605.1.15 (KHTML, like Gecko) Version/13.0.3 Mobile/15E148 Safari/604.1"\n',
  level: 'info',
  timestamp: '2022-04-17T10:53:40.829Z'
}
{
  message: '::1 - - [17/Apr/2022:10:55:00 +0000] "OPTIONS /v1/user/login HTTP/1.1" 200 4 "http://localhost:8100/" "Mozilla/5.0 (iPhone; CPU iPhone OS 13_2_3 like Mac OS X) AppleWebKit/605.1.15 (KHTML, like Gecko) Version/13.0.3 Mobile/15E148 Safari/604.1"\n',
  level: 'info',
  timestamp: '2022-04-17T10:55:00.527Z'
}
{
  message: '::1 - - [17/Apr/2022:10:55:01 +0000] "POST /v1/user/login HTTP/1.1" 200 41 "http://localhost:8100/" "Mozilla/5.0 (iPhone; CPU iPhone OS 13_2_3 like Mac OS X) AppleWebKit/605.1.15 (KHTML, like Gecko) Version/13.0.3 Mobile/15E148 Safari/604.1"\n',
  level: 'info',
  timestamp: '2022-04-17T10:55:01.813Z'
}
{
  message: '::1 - - [17/Apr/2022:10:55:14 +0000] "OPTIONS /v1/app/user/login/otpSubmit HTTP/1.1" 404 170 "http://localhost:8100/" "Mozilla/5.0 (iPhone; CPU iPhone OS 13_2_3 like Mac OS X) AppleWebKit/605.1.15 (KHTML, like Gecko) Version/13.0.3 Mobile/15E148 Safari/604.1"\n',
  level: 'info',
  timestamp: '2022-04-17T10:55:14.953Z'
}
{
  message: '::1 - - [17/Apr/2022:10:55:50 +0000] "POST /v1/user/login/otp-submit HTTP/1.1" 200 270 "-" "PostmanRuntime/7.29.0"\n',
  level: 'info',
  timestamp: '2022-04-17T10:55:50.667Z'
}
{
  message: '::1 - - [17/Apr/2022:10:56:47 +0000] "OPTIONS /v1/user/login/otp-submit HTTP/1.1" 200 4 "http://localhost:8100/" "Mozilla/5.0 (iPhone; CPU iPhone OS 13_2_3 like Mac OS X) AppleWebKit/605.1.15 (KHTML, like Gecko) Version/13.0.3 Mobile/15E148 Safari/604.1"\n',
  level: 'info',
  timestamp: '2022-04-17T10:56:47.376Z'
}
{
  message: '::1 - - [17/Apr/2022:10:56:47 +0000] "POST /v1/user/login/otp-submit HTTP/1.1" 200 270 "http://localhost:8100/" "Mozilla/5.0 (iPhone; CPU iPhone OS 13_2_3 like Mac OS X) AppleWebKit/605.1.15 (KHTML, like Gecko) Version/13.0.3 Mobile/15E148 Safari/604.1"\n',
  level: 'info',
  timestamp: '2022-04-17T10:56:47.942Z'
}
