{
  error: /Users/suvamgayen/My Project/go-mart-backend/controller/user.controller.js:248
          addressLine1,
          ^^^^^^^^^^^^
  
  SyntaxError: Unexpected identifier
      at wrapSafe (internal/modules/cjs/loader.js:984:16)
      at Module._compile (internal/modules/cjs/loader.js:1032:27)
      at Object.Module._extensions..js (internal/modules/cjs/loader.js:1097:10)
      at Module.load (internal/modules/cjs/loader.js:933:32)
      at Function.Module._load (internal/modules/cjs/loader.js:774:14)
      at Module.require (internal/modules/cjs/loader.js:957:19)
      at require (internal/modules/cjs/helpers.js:88:18)
      at Object.<anonymous> (/Users/suvamgayen/My Project/go-mart-backend/routes/user.route.js:5:24)
      at Module._compile (internal/modules/cjs/loader.js:1068:30)
      at Object.Module._extensions..js (internal/modules/cjs/loader.js:1097:10)
      at Module.load (internal/modules/cjs/loader.js:933:32)
      at Function.Module._load (internal/modules/cjs/loader.js:774:14)
      at Module.require (internal/modules/cjs/loader.js:957:19)
      at require (internal/modules/cjs/helpers.js:88:18)
      at Object.<anonymous> (/Users/suvamgayen/My Project/go-mart-backend/app.js:38:17)
      at Module._compile (internal/modules/cjs/loader.js:1068:30),
  level: 'error',
  message: 'uncaughtException: Unexpected identifier\n' +
    '/Users/suvamgayen/My Project/go-mart-backend/controller/user.controller.js:248\n' +
    '        addressLine1,\n' +
    '        ^^^^^^^^^^^^\n' +
    '\n' +
    'SyntaxError: Unexpected identifier\n' +
    '    at wrapSafe (internal/modules/cjs/loader.js:984:16)\n' +
    '    at Module._compile (internal/modules/cjs/loader.js:1032:27)\n' +
    '    at Object.Module._extensions..js (internal/modules/cjs/loader.js:1097:10)\n' +
    '    at Module.load (internal/modules/cjs/loader.js:933:32)\n' +
    '    at Function.Module._load (internal/modules/cjs/loader.js:774:14)\n' +
    '    at Module.require (internal/modules/cjs/loader.js:957:19)\n' +
    '    at require (internal/modules/cjs/helpers.js:88:18)\n' +
    '    at Object.<anonymous> (/Users/suvamgayen/My Project/go-mart-backend/routes/user.route.js:5:24)\n' +
    '    at Module._compile (internal/modules/cjs/loader.js:1068:30)\n' +
    '    at Object.Module._extensions..js (internal/modules/cjs/loader.js:1097:10)\n' +
    '    at Module.load (internal/modules/cjs/loader.js:933:32)\n' +
    '    at Function.Module._load (internal/modules/cjs/loader.js:774:14)\n' +
    '    at Module.require (internal/modules/cjs/loader.js:957:19)\n' +
    '    at require (internal/modules/cjs/helpers.js:88:18)\n' +
    '    at Object.<anonymous> (/Users/suvamgayen/My Project/go-mart-backend/app.js:38:17)\n' +
    '    at Module._compile (internal/modules/cjs/loader.js:1068:30)',
  stack: '/Users/suvamgayen/My Project/go-mart-backend/controller/user.controller.js:248\n' +
    '        addressLine1,\n' +
    '        ^^^^^^^^^^^^\n' +
    '\n' +
    'SyntaxError: Unexpected identifier\n' +
    '    at wrapSafe (internal/modules/cjs/loader.js:984:16)\n' +
    '    at Module._compile (internal/modules/cjs/loader.js:1032:27)\n' +
    '    at Object.Module._extensions..js (internal/modules/cjs/loader.js:1097:10)\n' +
    '    at Module.load (internal/modules/cjs/loader.js:933:32)\n' +
    '    at Function.Module._load (internal/modules/cjs/loader.js:774:14)\n' +
    '    at Module.require (internal/modules/cjs/loader.js:957:19)\n' +
    '    at require (internal/modules/cjs/helpers.js:88:18)\n' +
    '    at Object.<anonymous> (/Users/suvamgayen/My Project/go-mart-backend/routes/user.route.js:5:24)\n' +
    '    at Module._compile (internal/modules/cjs/loader.js:1068:30)\n' +
    '    at Object.Module._extensions..js (internal/modules/cjs/loader.js:1097:10)\n' +
    '    at Module.load (internal/modules/cjs/loader.js:933:32)\n' +
    '    at Function.Module._load (internal/modules/cjs/loader.js:774:14)\n' +
    '    at Module.require (internal/modules/cjs/loader.js:957:19)\n' +
    '    at require (internal/modules/cjs/helpers.js:88:18)\n' +
    '    at Object.<anonymous> (/Users/suvamgayen/My Project/go-mart-backend/app.js:38:17)\n' +
    '    at Module._compile (internal/modules/cjs/loader.js:1068:30)',
  exception: true,
  date: 'Sun May 29 2022 13:16:51 GMT+0530 (India Standard Time)',
  process: {
    pid: 2648,
    uid: 501,
    gid: 20,
    cwd: '/Users/suvamgayen/My Project/go-mart-backend',
    execPath: '/usr/local/bin/node',
    version: 'v14.17.0',
    argv: [
      '/usr/local/bin/node',
      '/Users/suvamgayen/My Project/go-mart-backend/app.js'
    ],
    memoryUsage: {
      rss: 62947328,
      heapTotal: 35246080,
      heapUsed: 20940808,
      external: 19993201,
      arrayBuffers: 18452394
    }
  },
  os: {
    loadavg: [ 2.7451171875, 2.43603515625, 2.25830078125 ],
    uptime: 5564
  },
  trace: [
    {
      column: 16,
      file: 'internal/modules/cjs/loader.js',
      function: 'wrapSafe',
      line: 984,
      method: null,
      native: false
    },
    {
      column: 27,
      file: 'internal/modules/cjs/loader.js',
      function: 'Module._compile',
      line: 1032,
      method: '_compile',
      native: false
    },
    {
      column: 10,
      file: 'internal/modules/cjs/loader.js',
      function: 'Module._extensions..js',
      line: 1097,
      method: '.js',
      native: false
    },
    {
      column: 32,
      file: 'internal/modules/cjs/loader.js',
      function: 'Module.load',
      line: 933,
      method: 'load',
      native: false
    },
    {
      column: 14,
      file: 'internal/modules/cjs/loader.js',
      function: 'Module._load',
      line: 774,
      method: '_load',
      native: false
    },
    {
      column: 19,
      file: 'internal/modules/cjs/loader.js',
      function: 'Module.require',
      line: 957,
      method: 'require',
      native: false
    },
    {
      column: 18,
      file: 'internal/modules/cjs/helpers.js',
      function: 'require',
      line: 88,
      method: null,
      native: false
    },
    {
      column: 24,
      file: '/Users/suvamgayen/My Project/go-mart-backend/routes/user.route.js',
      function: null,
      line: 5,
      method: null,
      native: false
    },
    {
      column: 30,
      file: 'internal/modules/cjs/loader.js',
      function: 'Module._compile',
      line: 1068,
      method: '_compile',
      native: false
    },
    {
      column: 10,
      file: 'internal/modules/cjs/loader.js',
      function: 'Module._extensions..js',
      line: 1097,
      method: '.js',
      native: false
    },
    {
      column: 32,
      file: 'internal/modules/cjs/loader.js',
      function: 'Module.load',
      line: 933,
      method: 'load',
      native: false
    },
    {
      column: 14,
      file: 'internal/modules/cjs/loader.js',
      function: 'Module._load',
      line: 774,
      method: '_load',
      native: false
    },
    {
      column: 19,
      file: 'internal/modules/cjs/loader.js',
      function: 'Module.require',
      line: 957,
      method: 'require',
      native: false
    },
    {
      column: 18,
      file: 'internal/modules/cjs/helpers.js',
      function: 'require',
      line: 88,
      method: null,
      native: false
    },
    {
      column: 17,
      file: '/Users/suvamgayen/My Project/go-mart-backend/app.js',
      function: null,
      line: 38,
      method: null,
      native: false
    },
    {
      column: 30,
      file: 'internal/modules/cjs/loader.js',
      function: 'Module._compile',
      line: 1068,
      method: '_compile',
      native: false
    }
  ],
  timestamp: '2022-05-29T07:46:51.359Z'
}
{
  error: /Users/suvamgayen/My Project/go-mart-backend/controller/user.controller.js:248
          addressLine1,
          ^^^^^^^^^^^^
  
  SyntaxError: Unexpected identifier
      at wrapSafe (internal/modules/cjs/loader.js:984:16)
      at Module._compile (internal/modules/cjs/loader.js:1032:27)
      at Object.Module._extensions..js (internal/modules/cjs/loader.js:1097:10)
      at Module.load (internal/modules/cjs/loader.js:933:32)
      at Function.Module._load (internal/modules/cjs/loader.js:774:14)
      at Module.require (internal/modules/cjs/loader.js:957:19)
      at require (internal/modules/cjs/helpers.js:88:18)
      at Object.<anonymous> (/Users/suvamgayen/My Project/go-mart-backend/routes/user.route.js:5:24)
      at Module._compile (internal/modules/cjs/loader.js:1068:30)
      at Object.Module._extensions..js (internal/modules/cjs/loader.js:1097:10)
      at Module.load (internal/modules/cjs/loader.js:933:32)
      at Function.Module._load (internal/modules/cjs/loader.js:774:14)
      at Module.require (internal/modules/cjs/loader.js:957:19)
      at require (internal/modules/cjs/helpers.js:88:18)
      at Object.<anonymous> (/Users/suvamgayen/My Project/go-mart-backend/app.js:38:17)
      at Module._compile (internal/modules/cjs/loader.js:1068:30),
  level: 'error',
  message: 'uncaughtException: Unexpected identifier\n' +
    '/Users/suvamgayen/My Project/go-mart-backend/controller/user.controller.js:248\n' +
    '        addressLine1,\n' +
    '        ^^^^^^^^^^^^\n' +
    '\n' +
    'SyntaxError: Unexpected identifier\n' +
    '    at wrapSafe (internal/modules/cjs/loader.js:984:16)\n' +
    '    at Module._compile (internal/modules/cjs/loader.js:1032:27)\n' +
    '    at Object.Module._extensions..js (internal/modules/cjs/loader.js:1097:10)\n' +
    '    at Module.load (internal/modules/cjs/loader.js:933:32)\n' +
    '    at Function.Module._load (internal/modules/cjs/loader.js:774:14)\n' +
    '    at Module.require (internal/modules/cjs/loader.js:957:19)\n' +
    '    at require (internal/modules/cjs/helpers.js:88:18)\n' +
    '    at Object.<anonymous> (/Users/suvamgayen/My Project/go-mart-backend/routes/user.route.js:5:24)\n' +
    '    at Module._compile (internal/modules/cjs/loader.js:1068:30)\n' +
    '    at Object.Module._extensions..js (internal/modules/cjs/loader.js:1097:10)\n' +
    '    at Module.load (internal/modules/cjs/loader.js:933:32)\n' +
    '    at Function.Module._load (internal/modules/cjs/loader.js:774:14)\n' +
    '    at Module.require (internal/modules/cjs/loader.js:957:19)\n' +
    '    at require (internal/modules/cjs/helpers.js:88:18)\n' +
    '    at Object.<anonymous> (/Users/suvamgayen/My Project/go-mart-backend/app.js:38:17)\n' +
    '    at Module._compile (internal/modules/cjs/loader.js:1068:30)',
  stack: '/Users/suvamgayen/My Project/go-mart-backend/controller/user.controller.js:248\n' +
    '        addressLine1,\n' +
    '        ^^^^^^^^^^^^\n' +
    '\n' +
    'SyntaxError: Unexpected identifier\n' +
    '    at wrapSafe (internal/modules/cjs/loader.js:984:16)\n' +
    '    at Module._compile (internal/modules/cjs/loader.js:1032:27)\n' +
    '    at Object.Module._extensions..js (internal/modules/cjs/loader.js:1097:10)\n' +
    '    at Module.load (internal/modules/cjs/loader.js:933:32)\n' +
    '    at Function.Module._load (internal/modules/cjs/loader.js:774:14)\n' +
    '    at Module.require (internal/modules/cjs/loader.js:957:19)\n' +
    '    at require (internal/modules/cjs/helpers.js:88:18)\n' +
    '    at Object.<anonymous> (/Users/suvamgayen/My Project/go-mart-backend/routes/user.route.js:5:24)\n' +
    '    at Module._compile (internal/modules/cjs/loader.js:1068:30)\n' +
    '    at Object.Module._extensions..js (internal/modules/cjs/loader.js:1097:10)\n' +
    '    at Module.load (internal/modules/cjs/loader.js:933:32)\n' +
    '    at Function.Module._load (internal/modules/cjs/loader.js:774:14)\n' +
    '    at Module.require (internal/modules/cjs/loader.js:957:19)\n' +
    '    at require (internal/modules/cjs/helpers.js:88:18)\n' +
    '    at Object.<anonymous> (/Users/suvamgayen/My Project/go-mart-backend/app.js:38:17)\n' +
    '    at Module._compile (internal/modules/cjs/loader.js:1068:30)',
  exception: true,
  date: 'Sun May 29 2022 13:16:52 GMT+0530 (India Standard Time)',
  process: {
    pid: 2654,
    uid: 501,
    gid: 20,
    cwd: '/Users/suvamgayen/My Project/go-mart-backend',
    execPath: '/usr/local/bin/node',
    version: 'v14.17.0',
    argv: [
      '/usr/local/bin/node',
      '/Users/suvamgayen/My Project/go-mart-backend/app.js'
    ],
    memoryUsage: {
      rss: 63164416,
      heapTotal: 34983936,
      heapUsed: 20941272,
      external: 19979527,
      arrayBuffers: 18438720
    }
  },
  os: {
    loadavg: [ 2.7451171875, 2.43603515625, 2.25830078125 ],
    uptime: 5565
  },
  trace: [
    {
      column: 16,
      file: 'internal/modules/cjs/loader.js',
      function: 'wrapSafe',
      line: 984,
      method: null,
      native: false
    },
    {
      column: 27,
      file: 'internal/modules/cjs/loader.js',
      function: 'Module._compile',
      line: 1032,
      method: '_compile',
      native: false
    },
    {
      column: 10,
      file: 'internal/modules/cjs/loader.js',
      function: 'Module._extensions..js',
      line: 1097,
      method: '.js',
      native: false
    },
    {
      column: 32,
      file: 'internal/modules/cjs/loader.js',
      function: 'Module.load',
      line: 933,
      method: 'load',
      native: false
    },
    {
      column: 14,
      file: 'internal/modules/cjs/loader.js',
      function: 'Module._load',
      line: 774,
      method: '_load',
      native: false
    },
    {
      column: 19,
      file: 'internal/modules/cjs/loader.js',
      function: 'Module.require',
      line: 957,
      method: 'require',
      native: false
    },
    {
      column: 18,
      file: 'internal/modules/cjs/helpers.js',
      function: 'require',
      line: 88,
      method: null,
      native: false
    },
    {
      column: 24,
      file: '/Users/suvamgayen/My Project/go-mart-backend/routes/user.route.js',
      function: null,
      line: 5,
      method: null,
      native: false
    },
    {
      column: 30,
      file: 'internal/modules/cjs/loader.js',
      function: 'Module._compile',
      line: 1068,
      method: '_compile',
      native: false
    },
    {
      column: 10,
      file: 'internal/modules/cjs/loader.js',
      function: 'Module._extensions..js',
      line: 1097,
      method: '.js',
      native: false
    },
    {
      column: 32,
      file: 'internal/modules/cjs/loader.js',
      function: 'Module.load',
      line: 933,
      method: 'load',
      native: false
    },
    {
      column: 14,
      file: 'internal/modules/cjs/loader.js',
      function: 'Module._load',
      line: 774,
      method: '_load',
      native: false
    },
    {
      column: 19,
      file: 'internal/modules/cjs/loader.js',
      function: 'Module.require',
      line: 957,
      method: 'require',
      native: false
    },
    {
      column: 18,
      file: 'internal/modules/cjs/helpers.js',
      function: 'require',
      line: 88,
      method: null,
      native: false
    },
    {
      column: 17,
      file: '/Users/suvamgayen/My Project/go-mart-backend/app.js',
      function: null,
      line: 38,
      method: null,
      native: false
    },
    {
      column: 30,
      file: 'internal/modules/cjs/loader.js',
      function: 'Module._compile',
      line: 1068,
      method: '_compile',
      native: false
    }
  ],
  timestamp: '2022-05-29T07:46:52.860Z'
}
{
  message: '::1 - - [29/May/2022:07:53:20 +0000] "GET /v1/banners/homePage HTTP/1.1" 304 - "http://localhost:8100/" "Mozilla/5.0 (iPhone; CPU iPhone OS 13_2_3 like Mac OS X) AppleWebKit/605.1.15 (KHTML, like Gecko) Version/13.0.3 Mobile/15E148 Safari/604.1"\n',
  level: 'info',
  timestamp: '2022-05-29T07:53:20.434Z'
}
{
  message: '::1 - - [29/May/2022:07:53:20 +0000] "GET /v1/category/homePage HTTP/1.1" 304 - "http://localhost:8100/" "Mozilla/5.0 (iPhone; CPU iPhone OS 13_2_3 like Mac OS X) AppleWebKit/605.1.15 (KHTML, like Gecko) Version/13.0.3 Mobile/15E148 Safari/604.1"\n',
  level: 'info',
  timestamp: '2022-05-29T07:53:20.491Z'
}
{
  message: '::1 - - [29/May/2022:07:53:20 +0000] "GET /v1/category/listWithIcon HTTP/1.1" 304 - "http://localhost:8100/" "Mozilla/5.0 (iPhone; CPU iPhone OS 13_2_3 like Mac OS X) AppleWebKit/605.1.15 (KHTML, like Gecko) Version/13.0.3 Mobile/15E148 Safari/604.1"\n',
  level: 'info',
  timestamp: '2022-05-29T07:53:20.496Z'
}
{
  message: '::1 - - [29/May/2022:07:53:20 +0000] "GET /v1/category/6291f315a701760816dea9d2/products HTTP/1.1" 304 - "http://localhost:8100/" "Mozilla/5.0 (iPhone; CPU iPhone OS 13_2_3 like Mac OS X) AppleWebKit/605.1.15 (KHTML, like Gecko) Version/13.0.3 Mobile/15E148 Safari/604.1"\n',
  level: 'info',
  timestamp: '2022-05-29T07:53:20.691Z'
}
{
  message: '::1 - - [29/May/2022:07:53:21 +0000] "GET /static/images/banners/banner0.png HTTP/1.1" 304 - "http://localhost:8100/" "Mozilla/5.0 (iPhone; CPU iPhone OS 13_2_3 like Mac OS X) AppleWebKit/605.1.15 (KHTML, like Gecko) Version/13.0.3 Mobile/15E148 Safari/604.1"\n',
  level: 'info',
  timestamp: '2022-05-29T07:53:21.432Z'
}
{
  message: '::1 - - [29/May/2022:07:53:21 +0000] "GET /static/images/banners/banner1.png HTTP/1.1" 304 - "http://localhost:8100/" "Mozilla/5.0 (iPhone; CPU iPhone OS 13_2_3 like Mac OS X) AppleWebKit/605.1.15 (KHTML, like Gecko) Version/13.0.3 Mobile/15E148 Safari/604.1"\n',
  level: 'info',
  timestamp: '2022-05-29T07:53:21.436Z'
}
{
  message: '::1 - - [29/May/2022:07:53:21 +0000] "GET /static/images/category/6291f29ca701760816dea9ca/thumbnail.png HTTP/1.1" 304 - "http://localhost:8100/" "Mozilla/5.0 (iPhone; CPU iPhone OS 13_2_3 like Mac OS X) AppleWebKit/605.1.15 (KHTML, like Gecko) Version/13.0.3 Mobile/15E148 Safari/604.1"\n',
  level: 'info',
  timestamp: '2022-05-29T07:53:21.442Z'
}
{
  message: '::1 - - [29/May/2022:07:53:21 +0000] "GET /static/images/product/6291f34fa701760816dea9df/0.png HTTP/1.1" 304 - "http://localhost:8100/" "Mozilla/5.0 (iPhone; CPU iPhone OS 13_2_3 like Mac OS X) AppleWebKit/605.1.15 (KHTML, like Gecko) Version/13.0.3 Mobile/15E148 Safari/604.1"\n',
  level: 'info',
  timestamp: '2022-05-29T07:53:21.466Z'
}
{
  message: '::1 - - [29/May/2022:07:54:05 +0000] "GET /v1/banners/homePage HTTP/1.1" 304 - "http://localhost:8100/" "Mozilla/5.0 (iPhone; CPU iPhone OS 13_2_3 like Mac OS X) AppleWebKit/605.1.15 (KHTML, like Gecko) Version/13.0.3 Mobile/15E148 Safari/604.1"\n',
  level: 'info',
  timestamp: '2022-05-29T07:54:05.539Z'
}
{
  message: '::1 - - [29/May/2022:07:54:05 +0000] "GET /v1/category/homePage HTTP/1.1" 304 - "http://localhost:8100/" "Mozilla/5.0 (iPhone; CPU iPhone OS 13_2_3 like Mac OS X) AppleWebKit/605.1.15 (KHTML, like Gecko) Version/13.0.3 Mobile/15E148 Safari/604.1"\n',
  level: 'info',
  timestamp: '2022-05-29T07:54:05.606Z'
}
{
  message: '::1 - - [29/May/2022:07:54:05 +0000] "GET /v1/category/listWithIcon HTTP/1.1" 304 - "http://localhost:8100/" "Mozilla/5.0 (iPhone; CPU iPhone OS 13_2_3 like Mac OS X) AppleWebKit/605.1.15 (KHTML, like Gecko) Version/13.0.3 Mobile/15E148 Safari/604.1"\n',
  level: 'info',
  timestamp: '2022-05-29T07:54:05.614Z'
}
{
  message: '::1 - - [29/May/2022:07:54:05 +0000] "GET /v1/category/6291f315a701760816dea9d2/products HTTP/1.1" 304 - "http://localhost:8100/" "Mozilla/5.0 (iPhone; CPU iPhone OS 13_2_3 like Mac OS X) AppleWebKit/605.1.15 (KHTML, like Gecko) Version/13.0.3 Mobile/15E148 Safari/604.1"\n',
  level: 'info',
  timestamp: '2022-05-29T07:54:05.810Z'
}
{
  message: '::1 - - [29/May/2022:07:54:06 +0000] "GET /static/images/banners/banner0.png HTTP/1.1" 304 - "http://localhost:8100/" "Mozilla/5.0 (iPhone; CPU iPhone OS 13_2_3 like Mac OS X) AppleWebKit/605.1.15 (KHTML, like Gecko) Version/13.0.3 Mobile/15E148 Safari/604.1"\n',
  level: 'info',
  timestamp: '2022-05-29T07:54:06.675Z'
}
{
  message: '::1 - - [29/May/2022:07:54:06 +0000] "GET /static/images/banners/banner1.png HTTP/1.1" 304 - "http://localhost:8100/" "Mozilla/5.0 (iPhone; CPU iPhone OS 13_2_3 like Mac OS X) AppleWebKit/605.1.15 (KHTML, like Gecko) Version/13.0.3 Mobile/15E148 Safari/604.1"\n',
  level: 'info',
  timestamp: '2022-05-29T07:54:06.679Z'
}
{
  message: '::1 - - [29/May/2022:07:54:06 +0000] "GET /static/images/product/6291f34fa701760816dea9df/0.png HTTP/1.1" 304 - "http://localhost:8100/" "Mozilla/5.0 (iPhone; CPU iPhone OS 13_2_3 like Mac OS X) AppleWebKit/605.1.15 (KHTML, like Gecko) Version/13.0.3 Mobile/15E148 Safari/604.1"\n',
  level: 'info',
  timestamp: '2022-05-29T07:54:06.680Z'
}
{
  message: '::1 - - [29/May/2022:07:54:06 +0000] "GET /static/images/category/6291f29ca701760816dea9ca/thumbnail.png HTTP/1.1" 304 - "http://localhost:8100/" "Mozilla/5.0 (iPhone; CPU iPhone OS 13_2_3 like Mac OS X) AppleWebKit/605.1.15 (KHTML, like Gecko) Version/13.0.3 Mobile/15E148 Safari/604.1"\n',
  level: 'info',
  timestamp: '2022-05-29T07:54:06.683Z'
}
{
  message: '::1 - - [29/May/2022:07:54:15 +0000] "GET /v1/banners/homePage HTTP/1.1" 304 - "http://localhost:8100/" "Mozilla/5.0 (iPhone; CPU iPhone OS 13_2_3 like Mac OS X) AppleWebKit/605.1.15 (KHTML, like Gecko) Version/13.0.3 Mobile/15E148 Safari/604.1"\n',
  level: 'info',
  timestamp: '2022-05-29T07:54:15.689Z'
}
{
  message: '::1 - - [29/May/2022:07:54:15 +0000] "GET /v1/category/homePage HTTP/1.1" 304 - "http://localhost:8100/" "Mozilla/5.0 (iPhone; CPU iPhone OS 13_2_3 like Mac OS X) AppleWebKit/605.1.15 (KHTML, like Gecko) Version/13.0.3 Mobile/15E148 Safari/604.1"\n',
  level: 'info',
  timestamp: '2022-05-29T07:54:15.756Z'
}
{
  message: '::1 - - [29/May/2022:07:54:15 +0000] "GET /v1/category/listWithIcon HTTP/1.1" 304 - "http://localhost:8100/" "Mozilla/5.0 (iPhone; CPU iPhone OS 13_2_3 like Mac OS X) AppleWebKit/605.1.15 (KHTML, like Gecko) Version/13.0.3 Mobile/15E148 Safari/604.1"\n',
  level: 'info',
  timestamp: '2022-05-29T07:54:15.765Z'
}
{
  message: '::1 - - [29/May/2022:07:54:16 +0000] "GET /v1/category/6291f315a701760816dea9d2/products HTTP/1.1" 304 - "http://localhost:8100/" "Mozilla/5.0 (iPhone; CPU iPhone OS 13_2_3 like Mac OS X) AppleWebKit/605.1.15 (KHTML, like Gecko) Version/13.0.3 Mobile/15E148 Safari/604.1"\n',
  level: 'info',
  timestamp: '2022-05-29T07:54:16.014Z'
}
{
  message: '::1 - - [29/May/2022:07:54:16 +0000] "GET /static/images/banners/banner1.png HTTP/1.1" 304 - "http://localhost:8100/" "Mozilla/5.0 (iPhone; CPU iPhone OS 13_2_3 like Mac OS X) AppleWebKit/605.1.15 (KHTML, like Gecko) Version/13.0.3 Mobile/15E148 Safari/604.1"\n',
  level: 'info',
  timestamp: '2022-05-29T07:54:16.712Z'
}
{
  message: '::1 - - [29/May/2022:07:54:16 +0000] "GET /static/images/category/6291f29ca701760816dea9ca/thumbnail.png HTTP/1.1" 304 - "http://localhost:8100/" "Mozilla/5.0 (iPhone; CPU iPhone OS 13_2_3 like Mac OS X) AppleWebKit/605.1.15 (KHTML, like Gecko) Version/13.0.3 Mobile/15E148 Safari/604.1"\n',
  level: 'info',
  timestamp: '2022-05-29T07:54:16.716Z'
}
{
  message: '::1 - - [29/May/2022:07:54:16 +0000] "GET /static/images/banners/banner0.png HTTP/1.1" 304 - "http://localhost:8100/" "Mozilla/5.0 (iPhone; CPU iPhone OS 13_2_3 like Mac OS X) AppleWebKit/605.1.15 (KHTML, like Gecko) Version/13.0.3 Mobile/15E148 Safari/604.1"\n',
  level: 'info',
  timestamp: '2022-05-29T07:54:16.718Z'
}
{
  message: '::1 - - [29/May/2022:07:54:16 +0000] "GET /static/images/product/6291f34fa701760816dea9df/0.png HTTP/1.1" 304 - "http://localhost:8100/" "Mozilla/5.0 (iPhone; CPU iPhone OS 13_2_3 like Mac OS X) AppleWebKit/605.1.15 (KHTML, like Gecko) Version/13.0.3 Mobile/15E148 Safari/604.1"\n',
  level: 'info',
  timestamp: '2022-05-29T07:54:16.751Z'
}
{
  message: '::1 - - [29/May/2022:07:56:12 +0000] "GET /v1/banners/homePage HTTP/1.1" 304 - "http://localhost:8100/" "Mozilla/5.0 (iPhone; CPU iPhone OS 13_2_3 like Mac OS X) AppleWebKit/605.1.15 (KHTML, like Gecko) Version/13.0.3 Mobile/15E148 Safari/604.1"\n',
  level: 'info',
  timestamp: '2022-05-29T07:56:12.760Z'
}
{
  message: '::1 - - [29/May/2022:07:56:12 +0000] "GET /v1/category/listWithIcon HTTP/1.1" 304 - "http://localhost:8100/" "Mozilla/5.0 (iPhone; CPU iPhone OS 13_2_3 like Mac OS X) AppleWebKit/605.1.15 (KHTML, like Gecko) Version/13.0.3 Mobile/15E148 Safari/604.1"\n',
  level: 'info',
  timestamp: '2022-05-29T07:56:12.838Z'
}
{
  message: '::1 - - [29/May/2022:07:56:12 +0000] "GET /v1/category/homePage HTTP/1.1" 304 - "http://localhost:8100/" "Mozilla/5.0 (iPhone; CPU iPhone OS 13_2_3 like Mac OS X) AppleWebKit/605.1.15 (KHTML, like Gecko) Version/13.0.3 Mobile/15E148 Safari/604.1"\n',
  level: 'info',
  timestamp: '2022-05-29T07:56:12.842Z'
}
{
  message: '::1 - - [29/May/2022:07:56:12 +0000] "GET /v1/category/6291f315a701760816dea9d2/products HTTP/1.1" 304 - "http://localhost:8100/" "Mozilla/5.0 (iPhone; CPU iPhone OS 13_2_3 like Mac OS X) AppleWebKit/605.1.15 (KHTML, like Gecko) Version/13.0.3 Mobile/15E148 Safari/604.1"\n',
  level: 'info',
  timestamp: '2022-05-29T07:56:12.998Z'
}
{
  message: '::1 - - [29/May/2022:07:56:13 +0000] "GET /static/images/banners/banner0.png HTTP/1.1" 304 - "http://localhost:8100/" "Mozilla/5.0 (iPhone; CPU iPhone OS 13_2_3 like Mac OS X) AppleWebKit/605.1.15 (KHTML, like Gecko) Version/13.0.3 Mobile/15E148 Safari/604.1"\n',
  level: 'info',
  timestamp: '2022-05-29T07:56:13.467Z'
}
{
  message: '::1 - - [29/May/2022:07:56:13 +0000] "GET /static/images/category/6291f29ca701760816dea9ca/thumbnail.png HTTP/1.1" 304 - "http://localhost:8100/" "Mozilla/5.0 (iPhone; CPU iPhone OS 13_2_3 like Mac OS X) AppleWebKit/605.1.15 (KHTML, like Gecko) Version/13.0.3 Mobile/15E148 Safari/604.1"\n',
  level: 'info',
  timestamp: '2022-05-29T07:56:13.470Z'
}
{
  message: '::1 - - [29/May/2022:07:56:13 +0000] "GET /static/images/banners/banner1.png HTTP/1.1" 304 - "http://localhost:8100/" "Mozilla/5.0 (iPhone; CPU iPhone OS 13_2_3 like Mac OS X) AppleWebKit/605.1.15 (KHTML, like Gecko) Version/13.0.3 Mobile/15E148 Safari/604.1"\n',
  level: 'info',
  timestamp: '2022-05-29T07:56:13.474Z'
}
{
  message: '::1 - - [29/May/2022:07:56:13 +0000] "GET /static/images/product/6291f34fa701760816dea9df/0.png HTTP/1.1" 304 - "http://localhost:8100/" "Mozilla/5.0 (iPhone; CPU iPhone OS 13_2_3 like Mac OS X) AppleWebKit/605.1.15 (KHTML, like Gecko) Version/13.0.3 Mobile/15E148 Safari/604.1"\n',
  level: 'info',
  timestamp: '2022-05-29T07:56:13.523Z'
}
{
  message: '::1 - - [29/May/2022:07:57:20 +0000] "GET /v1/banners/homePage HTTP/1.1" 304 - "http://localhost:8100/" "Mozilla/5.0 (iPhone; CPU iPhone OS 13_2_3 like Mac OS X) AppleWebKit/605.1.15 (KHTML, like Gecko) Version/13.0.3 Mobile/15E148 Safari/604.1"\n',
  level: 'info',
  timestamp: '2022-05-29T07:57:20.170Z'
}
{
  message: '::1 - - [29/May/2022:07:57:20 +0000] "GET /v1/category/listWithIcon HTTP/1.1" 304 - "http://localhost:8100/" "Mozilla/5.0 (iPhone; CPU iPhone OS 13_2_3 like Mac OS X) AppleWebKit/605.1.15 (KHTML, like Gecko) Version/13.0.3 Mobile/15E148 Safari/604.1"\n',
  level: 'info',
  timestamp: '2022-05-29T07:57:20.246Z'
}
{
  message: '::1 - - [29/May/2022:07:57:20 +0000] "GET /v1/category/homePage HTTP/1.1" 304 - "http://localhost:8100/" "Mozilla/5.0 (iPhone; CPU iPhone OS 13_2_3 like Mac OS X) AppleWebKit/605.1.15 (KHTML, like Gecko) Version/13.0.3 Mobile/15E148 Safari/604.1"\n',
  level: 'info',
  timestamp: '2022-05-29T07:57:20.248Z'
}
{
  message: '::1 - - [29/May/2022:07:57:20 +0000] "GET /v1/category/6291f315a701760816dea9d2/products HTTP/1.1" 304 - "http://localhost:8100/" "Mozilla/5.0 (iPhone; CPU iPhone OS 13_2_3 like Mac OS X) AppleWebKit/605.1.15 (KHTML, like Gecko) Version/13.0.3 Mobile/15E148 Safari/604.1"\n',
  level: 'info',
  timestamp: '2022-05-29T07:57:20.444Z'
}
{
  message: '::1 - - [29/May/2022:07:57:21 +0000] "GET /static/images/category/6291f29ca701760816dea9ca/thumbnail.png HTTP/1.1" 304 - "http://localhost:8100/" "Mozilla/5.0 (iPhone; CPU iPhone OS 13_2_3 like Mac OS X) AppleWebKit/605.1.15 (KHTML, like Gecko) Version/13.0.3 Mobile/15E148 Safari/604.1"\n',
  level: 'info',
  timestamp: '2022-05-29T07:57:21.115Z'
}
{
  message: '::1 - - [29/May/2022:07:57:21 +0000] "GET /static/images/banners/banner1.png HTTP/1.1" 304 - "http://localhost:8100/" "Mozilla/5.0 (iPhone; CPU iPhone OS 13_2_3 like Mac OS X) AppleWebKit/605.1.15 (KHTML, like Gecko) Version/13.0.3 Mobile/15E148 Safari/604.1"\n',
  level: 'info',
  timestamp: '2022-05-29T07:57:21.123Z'
}
{
  message: '::1 - - [29/May/2022:07:57:21 +0000] "GET /static/images/banners/banner0.png HTTP/1.1" 304 - "http://localhost:8100/" "Mozilla/5.0 (iPhone; CPU iPhone OS 13_2_3 like Mac OS X) AppleWebKit/605.1.15 (KHTML, like Gecko) Version/13.0.3 Mobile/15E148 Safari/604.1"\n',
  level: 'info',
  timestamp: '2022-05-29T07:57:21.127Z'
}
{
  message: '::1 - - [29/May/2022:07:57:21 +0000] "GET /static/images/product/6291f34fa701760816dea9df/0.png HTTP/1.1" 304 - "http://localhost:8100/" "Mozilla/5.0 (iPhone; CPU iPhone OS 13_2_3 like Mac OS X) AppleWebKit/605.1.15 (KHTML, like Gecko) Version/13.0.3 Mobile/15E148 Safari/604.1"\n',
  level: 'info',
  timestamp: '2022-05-29T07:57:21.163Z'
}
{
  message: '::1 - - [29/May/2022:08:02:45 +0000] "OPTIONS /v1/user/address HTTP/1.1" 200 26 "http://localhost:8100/" "Mozilla/5.0 (iPhone; CPU iPhone OS 13_2_3 like Mac OS X) AppleWebKit/605.1.15 (KHTML, like Gecko) Version/13.0.3 Mobile/15E148 Safari/604.1"\n',
  level: 'info',
  timestamp: '2022-05-29T08:02:45.536Z'
}
{
  message: '::1 - - [29/May/2022:08:02:45 +0000] "POST /v1/user/address HTTP/1.1" 200 191 "http://localhost:8100/" "Mozilla/5.0 (iPhone; CPU iPhone OS 13_2_3 like Mac OS X) AppleWebKit/605.1.15 (KHTML, like Gecko) Version/13.0.3 Mobile/15E148 Safari/604.1"\n',
  level: 'info',
  timestamp: '2022-05-29T08:02:45.848Z'
}
{
  message: '::1 - - [29/May/2022:08:05:52 +0000] "GET /v1/banners/homePage HTTP/1.1" 304 - "http://localhost:8100/" "Mozilla/5.0 (Macintosh; Intel Mac OS X 10_15_7) AppleWebKit/537.36 (KHTML, like Gecko) Chrome/102.0.5005.61 Safari/537.36"\n',
  level: 'info',
  timestamp: '2022-05-29T08:05:52.499Z'
}
{
  message: '::1 - - [29/May/2022:08:05:52 +0000] "GET /v1/category/homePage HTTP/1.1" 304 - "http://localhost:8100/" "Mozilla/5.0 (Macintosh; Intel Mac OS X 10_15_7) AppleWebKit/537.36 (KHTML, like Gecko) Chrome/102.0.5005.61 Safari/537.36"\n',
  level: 'info',
  timestamp: '2022-05-29T08:05:52.566Z'
}
{
  message: '::1 - - [29/May/2022:08:05:52 +0000] "GET /v1/category/listWithIcon HTTP/1.1" 304 - "http://localhost:8100/" "Mozilla/5.0 (Macintosh; Intel Mac OS X 10_15_7) AppleWebKit/537.36 (KHTML, like Gecko) Chrome/102.0.5005.61 Safari/537.36"\n',
  level: 'info',
  timestamp: '2022-05-29T08:05:52.570Z'
}
{
  message: '::1 - - [29/May/2022:08:05:52 +0000] "GET /v1/category/6291f315a701760816dea9d2/products HTTP/1.1" 304 - "http://localhost:8100/" "Mozilla/5.0 (Macintosh; Intel Mac OS X 10_15_7) AppleWebKit/537.36 (KHTML, like Gecko) Chrome/102.0.5005.61 Safari/537.36"\n',
  level: 'info',
  timestamp: '2022-05-29T08:05:52.731Z'
}
{
  message: '::1 - - [29/May/2022:08:05:52 +0000] "GET /static/images/banners/banner0.png HTTP/1.1" 304 - "http://localhost:8100/" "Mozilla/5.0 (Macintosh; Intel Mac OS X 10_15_7) AppleWebKit/537.36 (KHTML, like Gecko) Chrome/102.0.5005.61 Safari/537.36"\n',
  level: 'info',
  timestamp: '2022-05-29T08:05:52.979Z'
}
{
  message: '::1 - - [29/May/2022:08:05:52 +0000] "GET /static/images/banners/banner1.png HTTP/1.1" 304 - "http://localhost:8100/" "Mozilla/5.0 (Macintosh; Intel Mac OS X 10_15_7) AppleWebKit/537.36 (KHTML, like Gecko) Chrome/102.0.5005.61 Safari/537.36"\n',
  level: 'info',
  timestamp: '2022-05-29T08:05:52.981Z'
}
{
  message: '::1 - - [29/May/2022:08:05:52 +0000] "GET /static/images/category/6291f29ca701760816dea9ca/thumbnail.png HTTP/1.1" 304 - "http://localhost:8100/" "Mozilla/5.0 (Macintosh; Intel Mac OS X 10_15_7) AppleWebKit/537.36 (KHTML, like Gecko) Chrome/102.0.5005.61 Safari/537.36"\n',
  level: 'info',
  timestamp: '2022-05-29T08:05:52.988Z'
}
{
  message: '::1 - - [29/May/2022:08:05:52 +0000] "GET /static/images/banners/banner2.png HTTP/1.1" 304 - "http://localhost:8100/" "Mozilla/5.0 (Macintosh; Intel Mac OS X 10_15_7) AppleWebKit/537.36 (KHTML, like Gecko) Chrome/102.0.5005.61 Safari/537.36"\n',
  level: 'info',
  timestamp: '2022-05-29T08:05:52.992Z'
}
{
  message: '::1 - - [29/May/2022:08:05:53 +0000] "GET /static/images/product/6291f34fa701760816dea9df/0.png HTTP/1.1" 304 - "http://localhost:8100/" "Mozilla/5.0 (Macintosh; Intel Mac OS X 10_15_7) AppleWebKit/537.36 (KHTML, like Gecko) Chrome/102.0.5005.61 Safari/537.36"\n',
  level: 'info',
  timestamp: '2022-05-29T08:05:53.007Z'
}
{
  message: '::1 - - [29/May/2022:08:08:05 +0000] "GET /v1/banners/homePage HTTP/1.1" 304 - "http://localhost:8100/" "Mozilla/5.0 (iPhone; CPU iPhone OS 13_2_3 like Mac OS X) AppleWebKit/605.1.15 (KHTML, like Gecko) Version/13.0.3 Mobile/15E148 Safari/604.1"\n',
  level: 'info',
  timestamp: '2022-05-29T08:08:05.109Z'
}
{
  message: '::1 - - [29/May/2022:08:08:05 +0000] "GET /v1/category/homePage HTTP/1.1" 304 - "http://localhost:8100/" "Mozilla/5.0 (iPhone; CPU iPhone OS 13_2_3 like Mac OS X) AppleWebKit/605.1.15 (KHTML, like Gecko) Version/13.0.3 Mobile/15E148 Safari/604.1"\n',
  level: 'info',
  timestamp: '2022-05-29T08:08:05.183Z'
}
{
  message: '::1 - - [29/May/2022:08:08:05 +0000] "GET /v1/category/listWithIcon HTTP/1.1" 304 - "http://localhost:8100/" "Mozilla/5.0 (iPhone; CPU iPhone OS 13_2_3 like Mac OS X) AppleWebKit/605.1.15 (KHTML, like Gecko) Version/13.0.3 Mobile/15E148 Safari/604.1"\n',
  level: 'info',
  timestamp: '2022-05-29T08:08:05.199Z'
}
{
  message: '::1 - - [29/May/2022:08:08:05 +0000] "GET /v1/category/6291f315a701760816dea9d2/products HTTP/1.1" 304 - "http://localhost:8100/" "Mozilla/5.0 (iPhone; CPU iPhone OS 13_2_3 like Mac OS X) AppleWebKit/605.1.15 (KHTML, like Gecko) Version/13.0.3 Mobile/15E148 Safari/604.1"\n',
  level: 'info',
  timestamp: '2022-05-29T08:08:05.409Z'
}
{
  message: '::1 - - [29/May/2022:08:08:06 +0000] "GET /static/images/banners/banner1.png HTTP/1.1" 304 - "http://localhost:8100/" "Mozilla/5.0 (iPhone; CPU iPhone OS 13_2_3 like Mac OS X) AppleWebKit/605.1.15 (KHTML, like Gecko) Version/13.0.3 Mobile/15E148 Safari/604.1"\n',
  level: 'info',
  timestamp: '2022-05-29T08:08:06.149Z'
}
{
  message: '::1 - - [29/May/2022:08:08:06 +0000] "GET /static/images/category/6291f29ca701760816dea9ca/thumbnail.png HTTP/1.1" 304 - "http://localhost:8100/" "Mozilla/5.0 (iPhone; CPU iPhone OS 13_2_3 like Mac OS X) AppleWebKit/605.1.15 (KHTML, like Gecko) Version/13.0.3 Mobile/15E148 Safari/604.1"\n',
  level: 'info',
  timestamp: '2022-05-29T08:08:06.155Z'
}
{
  message: '::1 - - [29/May/2022:08:08:06 +0000] "GET /static/images/banners/banner0.png HTTP/1.1" 304 - "http://localhost:8100/" "Mozilla/5.0 (iPhone; CPU iPhone OS 13_2_3 like Mac OS X) AppleWebKit/605.1.15 (KHTML, like Gecko) Version/13.0.3 Mobile/15E148 Safari/604.1"\n',
  level: 'info',
  timestamp: '2022-05-29T08:08:06.156Z'
}
{
  message: '::1 - - [29/May/2022:08:08:06 +0000] "GET /static/images/product/6291f34fa701760816dea9df/0.png HTTP/1.1" 304 - "http://localhost:8100/" "Mozilla/5.0 (iPhone; CPU iPhone OS 13_2_3 like Mac OS X) AppleWebKit/605.1.15 (KHTML, like Gecko) Version/13.0.3 Mobile/15E148 Safari/604.1"\n',
  level: 'info',
  timestamp: '2022-05-29T08:08:06.157Z'
}
{
  message: '::1 - - [29/May/2022:08:08:33 +0000] "GET /v1/banners/homePage HTTP/1.1" 304 - "http://localhost:8100/" "Mozilla/5.0 (iPhone; CPU iPhone OS 13_2_3 like Mac OS X) AppleWebKit/605.1.15 (KHTML, like Gecko) Version/13.0.3 Mobile/15E148 Safari/604.1"\n',
  level: 'info',
  timestamp: '2022-05-29T08:08:33.724Z'
}
{
  message: '::1 - - [29/May/2022:08:08:33 +0000] "GET /v1/category/homePage HTTP/1.1" 304 - "http://localhost:8100/" "Mozilla/5.0 (iPhone; CPU iPhone OS 13_2_3 like Mac OS X) AppleWebKit/605.1.15 (KHTML, like Gecko) Version/13.0.3 Mobile/15E148 Safari/604.1"\n',
  level: 'info',
  timestamp: '2022-05-29T08:08:33.793Z'
}
{
  message: '::1 - - [29/May/2022:08:08:33 +0000] "GET /v1/category/listWithIcon HTTP/1.1" 304 - "http://localhost:8100/" "Mozilla/5.0 (iPhone; CPU iPhone OS 13_2_3 like Mac OS X) AppleWebKit/605.1.15 (KHTML, like Gecko) Version/13.0.3 Mobile/15E148 Safari/604.1"\n',
  level: 'info',
  timestamp: '2022-05-29T08:08:33.798Z'
}
{
  message: '::1 - - [29/May/2022:08:08:34 +0000] "GET /v1/category/6291f315a701760816dea9d2/products HTTP/1.1" 304 - "http://localhost:8100/" "Mozilla/5.0 (iPhone; CPU iPhone OS 13_2_3 like Mac OS X) AppleWebKit/605.1.15 (KHTML, like Gecko) Version/13.0.3 Mobile/15E148 Safari/604.1"\n',
  level: 'info',
  timestamp: '2022-05-29T08:08:34.008Z'
}
{
  message: '::1 - - [29/May/2022:08:08:34 +0000] "GET /static/images/banners/banner0.png HTTP/1.1" 304 - "http://localhost:8100/" "Mozilla/5.0 (iPhone; CPU iPhone OS 13_2_3 like Mac OS X) AppleWebKit/605.1.15 (KHTML, like Gecko) Version/13.0.3 Mobile/15E148 Safari/604.1"\n',
  level: 'info',
  timestamp: '2022-05-29T08:08:34.666Z'
}
{
  message: '::1 - - [29/May/2022:08:08:34 +0000] "GET /static/images/banners/banner1.png HTTP/1.1" 304 - "http://localhost:8100/" "Mozilla/5.0 (iPhone; CPU iPhone OS 13_2_3 like Mac OS X) AppleWebKit/605.1.15 (KHTML, like Gecko) Version/13.0.3 Mobile/15E148 Safari/604.1"\n',
  level: 'info',
  timestamp: '2022-05-29T08:08:34.668Z'
}
{
  message: '::1 - - [29/May/2022:08:08:34 +0000] "GET /static/images/category/6291f29ca701760816dea9ca/thumbnail.png HTTP/1.1" 304 - "http://localhost:8100/" "Mozilla/5.0 (iPhone; CPU iPhone OS 13_2_3 like Mac OS X) AppleWebKit/605.1.15 (KHTML, like Gecko) Version/13.0.3 Mobile/15E148 Safari/604.1"\n',
  level: 'info',
  timestamp: '2022-05-29T08:08:34.671Z'
}
{
  message: '::1 - - [29/May/2022:08:08:34 +0000] "GET /static/images/product/6291f34fa701760816dea9df/0.png HTTP/1.1" 304 - "http://localhost:8100/" "Mozilla/5.0 (iPhone; CPU iPhone OS 13_2_3 like Mac OS X) AppleWebKit/605.1.15 (KHTML, like Gecko) Version/13.0.3 Mobile/15E148 Safari/604.1"\n',
  level: 'info',
  timestamp: '2022-05-29T08:08:34.714Z'
}
{
  message: '::1 - - [29/May/2022:08:08:36 +0000] "OPTIONS /v1/user/address HTTP/1.1" 200 26 "http://localhost:8100/" "Mozilla/5.0 (iPhone; CPU iPhone OS 13_2_3 like Mac OS X) AppleWebKit/605.1.15 (KHTML, like Gecko) Version/13.0.3 Mobile/15E148 Safari/604.1"\n',
  level: 'info',
  timestamp: '2022-05-29T08:08:36.362Z'
}
{
  message: '::1 - - [29/May/2022:08:08:36 +0000] "GET /v1/user/address HTTP/1.1" 200 193 "http://localhost:8100/" "Mozilla/5.0 (iPhone; CPU iPhone OS 13_2_3 like Mac OS X) AppleWebKit/605.1.15 (KHTML, like Gecko) Version/13.0.3 Mobile/15E148 Safari/604.1"\n',
  level: 'info',
  timestamp: '2022-05-29T08:08:36.450Z'
}
{
  message: '::1 - - [29/May/2022:08:09:19 +0000] "OPTIONS /v1/user/address HTTP/1.1" 200 26 "http://localhost:8100/" "Mozilla/5.0 (iPhone; CPU iPhone OS 13_2_3 like Mac OS X) AppleWebKit/605.1.15 (KHTML, like Gecko) Version/13.0.3 Mobile/15E148 Safari/604.1"\n',
  level: 'info',
  timestamp: '2022-05-29T08:09:19.585Z'
}
{
  message: '::1 - - [29/May/2022:08:09:19 +0000] "POST /v1/user/address HTTP/1.1" 200 229 "http://localhost:8100/" "Mozilla/5.0 (iPhone; CPU iPhone OS 13_2_3 like Mac OS X) AppleWebKit/605.1.15 (KHTML, like Gecko) Version/13.0.3 Mobile/15E148 Safari/604.1"\n',
  level: 'info',
  timestamp: '2022-05-29T08:09:19.839Z'
}
{
  message: '::1 - - [29/May/2022:08:09:19 +0000] "GET /v1/user/address HTTP/1.1" 200 414 "http://localhost:8100/" "Mozilla/5.0 (iPhone; CPU iPhone OS 13_2_3 like Mac OS X) AppleWebKit/605.1.15 (KHTML, like Gecko) Version/13.0.3 Mobile/15E148 Safari/604.1"\n',
  level: 'info',
  timestamp: '2022-05-29T08:09:19.959Z'
}
