{
  message: {
    endpoint: 'GET  http://localhost:3000/v1/admin/category',
    ip: '::1',
    error: ReferenceError: newCategory is not defined
        at exports.getCategory (/Users/suvamgayen/My Project/go-mart-backend/controller/admin.controller.js:87:5)
        at Layer.handle [as handle_request] (/Users/suvamgayen/My Project/go-mart-backend/node_modules/express/lib/router/layer.js:95:5)
        at next (/Users/suvamgayen/My Project/go-mart-backend/node_modules/express/lib/router/route.js:137:13)
        at complete (/Users/suvamgayen/My Project/go-mart-backend/node_modules/passport/lib/middleware/authenticate.js:268:13)
        at /Users/suvamgayen/My Project/go-mart-backend/node_modules/passport/lib/middleware/authenticate.js:275:15
        at pass (/Users/suvamgayen/My Project/go-mart-backend/node_modules/passport/lib/authenticator.js:431:14)
        at Authenticator.transformAuthInfo (/Users/suvamgayen/My Project/go-mart-backend/node_modules/passport/lib/authenticator.js:453:5)
        at /Users/suvamgayen/My Project/go-mart-backend/node_modules/passport/lib/middleware/authenticate.js:272:22
        at IncomingMessage.req.login.req.logIn (/Users/suvamgayen/My Project/go-mart-backend/node_modules/passport/lib/http/request.js:55:13)
        at JwtStrategy.strategy.success (/Users/suvamgayen/My Project/go-mart-backend/node_modules/passport/lib/middleware/authenticate.js:253:13)
        at verified (/Users/suvamgayen/My Project/go-mart-backend/node_modules/passport-jwt/lib/strategy.js:115:41)
        at /Users/suvamgayen/My Project/go-mart-backend/config/passport.config.js:35:20
        at /Users/suvamgayen/My Project/go-mart-backend/node_modules/mongoose/lib/model.js:5074:18
        at processTicksAndRejections (internal/process/task_queues.js:77:11)
  },
  level: 'error',
  timestamp: '2022-04-22T19:13:17.807Z'
}
