{
  error: /Users/suvamgayen/My Project/go-mart-backend/controller/user.controller.js:248
          addressLine1,
          ^^^^^^^^^^^^
  
  SyntaxError: Unexpected identifier
      at wrapSafe (internal/modules/cjs/loader.js:984:16)
      at Module._compile (internal/modules/cjs/loader.js:1032:27)
      at Object.Module._extensions..js (internal/modules/cjs/loader.js:1097:10)
      at Module.load (internal/modules/cjs/loader.js:933:32)
      at Function.Module._load (internal/modules/cjs/loader.js:774:14)
      at Module.require (internal/modules/cjs/loader.js:957:19)
      at require (internal/modules/cjs/helpers.js:88:18)
      at Object.<anonymous> (/Users/suvamgayen/My Project/go-mart-backend/routes/user.route.js:5:24)
      at Module._compile (internal/modules/cjs/loader.js:1068:30)
      at Object.Module._extensions..js (internal/modules/cjs/loader.js:1097:10)
      at Module.load (internal/modules/cjs/loader.js:933:32)
      at Function.Module._load (internal/modules/cjs/loader.js:774:14)
      at Module.require (internal/modules/cjs/loader.js:957:19)
      at require (internal/modules/cjs/helpers.js:88:18)
      at Object.<anonymous> (/Users/suvamgayen/My Project/go-mart-backend/app.js:38:17)
      at Module._compile (internal/modules/cjs/loader.js:1068:30),
  level: 'error',
  message: 'uncaughtException: Unexpected identifier\n' +
    '/Users/suvamgayen/My Project/go-mart-backend/controller/user.controller.js:248\n' +
    '        addressLine1,\n' +
    '        ^^^^^^^^^^^^\n' +
    '\n' +
    'SyntaxError: Unexpected identifier\n' +
    '    at wrapSafe (internal/modules/cjs/loader.js:984:16)\n' +
    '    at Module._compile (internal/modules/cjs/loader.js:1032:27)\n' +
    '    at Object.Module._extensions..js (internal/modules/cjs/loader.js:1097:10)\n' +
    '    at Module.load (internal/modules/cjs/loader.js:933:32)\n' +
    '    at Function.Module._load (internal/modules/cjs/loader.js:774:14)\n' +
    '    at Module.require (internal/modules/cjs/loader.js:957:19)\n' +
    '    at require (internal/modules/cjs/helpers.js:88:18)\n' +
    '    at Object.<anonymous> (/Users/suvamgayen/My Project/go-mart-backend/routes/user.route.js:5:24)\n' +
    '    at Module._compile (internal/modules/cjs/loader.js:1068:30)\n' +
    '    at Object.Module._extensions..js (internal/modules/cjs/loader.js:1097:10)\n' +
    '    at Module.load (internal/modules/cjs/loader.js:933:32)\n' +
    '    at Function.Module._load (internal/modules/cjs/loader.js:774:14)\n' +
    '    at Module.require (internal/modules/cjs/loader.js:957:19)\n' +
    '    at require (internal/modules/cjs/helpers.js:88:18)\n' +
    '    at Object.<anonymous> (/Users/suvamgayen/My Project/go-mart-backend/app.js:38:17)\n' +
    '    at Module._compile (internal/modules/cjs/loader.js:1068:30)',
  stack: '/Users/suvamgayen/My Project/go-mart-backend/controller/user.controller.js:248\n' +
    '        addressLine1,\n' +
    '        ^^^^^^^^^^^^\n' +
    '\n' +
    'SyntaxError: Unexpected identifier\n' +
    '    at wrapSafe (internal/modules/cjs/loader.js:984:16)\n' +
    '    at Module._compile (internal/modules/cjs/loader.js:1032:27)\n' +
    '    at Object.Module._extensions..js (internal/modules/cjs/loader.js:1097:10)\n' +
    '    at Module.load (internal/modules/cjs/loader.js:933:32)\n' +
    '    at Function.Module._load (internal/modules/cjs/loader.js:774:14)\n' +
    '    at Module.require (internal/modules/cjs/loader.js:957:19)\n' +
    '    at require (internal/modules/cjs/helpers.js:88:18)\n' +
    '    at Object.<anonymous> (/Users/suvamgayen/My Project/go-mart-backend/routes/user.route.js:5:24)\n' +
    '    at Module._compile (internal/modules/cjs/loader.js:1068:30)\n' +
    '    at Object.Module._extensions..js (internal/modules/cjs/loader.js:1097:10)\n' +
    '    at Module.load (internal/modules/cjs/loader.js:933:32)\n' +
    '    at Function.Module._load (internal/modules/cjs/loader.js:774:14)\n' +
    '    at Module.require (internal/modules/cjs/loader.js:957:19)\n' +
    '    at require (internal/modules/cjs/helpers.js:88:18)\n' +
    '    at Object.<anonymous> (/Users/suvamgayen/My Project/go-mart-backend/app.js:38:17)\n' +
    '    at Module._compile (internal/modules/cjs/loader.js:1068:30)',
  exception: true,
  date: 'Sun May 29 2022 13:16:51 GMT+0530 (India Standard Time)',
  process: {
    pid: 2648,
    uid: 501,
    gid: 20,
    cwd: '/Users/suvamgayen/My Project/go-mart-backend',
    execPath: '/usr/local/bin/node',
    version: 'v14.17.0',
    argv: [
      '/usr/local/bin/node',
      '/Users/suvamgayen/My Project/go-mart-backend/app.js'
    ],
    memoryUsage: {
      rss: 63143936,
      heapTotal: 35246080,
      heapUsed: 21165368,
      external: 20000949,
      arrayBuffers: 18452418
    }
  },
  os: {
    loadavg: [ 2.7451171875, 2.43603515625, 2.25830078125 ],
    uptime: 5564
  },
  trace: [
    {
      column: 16,
      file: 'internal/modules/cjs/loader.js',
      function: 'wrapSafe',
      line: 984,
      method: null,
      native: false
    },
    {
      column: 27,
      file: 'internal/modules/cjs/loader.js',
      function: 'Module._compile',
      line: 1032,
      method: '_compile',
      native: false
    },
    {
      column: 10,
      file: 'internal/modules/cjs/loader.js',
      function: 'Module._extensions..js',
      line: 1097,
      method: '.js',
      native: false
    },
    {
      column: 32,
      file: 'internal/modules/cjs/loader.js',
      function: 'Module.load',
      line: 933,
      method: 'load',
      native: false
    },
    {
      column: 14,
      file: 'internal/modules/cjs/loader.js',
      function: 'Module._load',
      line: 774,
      method: '_load',
      native: false
    },
    {
      column: 19,
      file: 'internal/modules/cjs/loader.js',
      function: 'Module.require',
      line: 957,
      method: 'require',
      native: false
    },
    {
      column: 18,
      file: 'internal/modules/cjs/helpers.js',
      function: 'require',
      line: 88,
      method: null,
      native: false
    },
    {
      column: 24,
      file: '/Users/suvamgayen/My Project/go-mart-backend/routes/user.route.js',
      function: null,
      line: 5,
      method: null,
      native: false
    },
    {
      column: 30,
      file: 'internal/modules/cjs/loader.js',
      function: 'Module._compile',
      line: 1068,
      method: '_compile',
      native: false
    },
    {
      column: 10,
      file: 'internal/modules/cjs/loader.js',
      function: 'Module._extensions..js',
      line: 1097,
      method: '.js',
      native: false
    },
    {
      column: 32,
      file: 'internal/modules/cjs/loader.js',
      function: 'Module.load',
      line: 933,
      method: 'load',
      native: false
    },
    {
      column: 14,
      file: 'internal/modules/cjs/loader.js',
      function: 'Module._load',
      line: 774,
      method: '_load',
      native: false
    },
    {
      column: 19,
      file: 'internal/modules/cjs/loader.js',
      function: 'Module.require',
      line: 957,
      method: 'require',
      native: false
    },
    {
      column: 18,
      file: 'internal/modules/cjs/helpers.js',
      function: 'require',
      line: 88,
      method: null,
      native: false
    },
    {
      column: 17,
      file: '/Users/suvamgayen/My Project/go-mart-backend/app.js',
      function: null,
      line: 38,
      method: null,
      native: false
    },
    {
      column: 30,
      file: 'internal/modules/cjs/loader.js',
      function: 'Module._compile',
      line: 1068,
      method: '_compile',
      native: false
    }
  ],
  timestamp: '2022-05-29T07:46:51.373Z'
}
{
  error: /Users/suvamgayen/My Project/go-mart-backend/controller/user.controller.js:248
          addressLine1,
          ^^^^^^^^^^^^
  
  SyntaxError: Unexpected identifier
      at wrapSafe (internal/modules/cjs/loader.js:984:16)
      at Module._compile (internal/modules/cjs/loader.js:1032:27)
      at Object.Module._extensions..js (internal/modules/cjs/loader.js:1097:10)
      at Module.load (internal/modules/cjs/loader.js:933:32)
      at Function.Module._load (internal/modules/cjs/loader.js:774:14)
      at Module.require (internal/modules/cjs/loader.js:957:19)
      at require (internal/modules/cjs/helpers.js:88:18)
      at Object.<anonymous> (/Users/suvamgayen/My Project/go-mart-backend/routes/user.route.js:5:24)
      at Module._compile (internal/modules/cjs/loader.js:1068:30)
      at Object.Module._extensions..js (internal/modules/cjs/loader.js:1097:10)
      at Module.load (internal/modules/cjs/loader.js:933:32)
      at Function.Module._load (internal/modules/cjs/loader.js:774:14)
      at Module.require (internal/modules/cjs/loader.js:957:19)
      at require (internal/modules/cjs/helpers.js:88:18)
      at Object.<anonymous> (/Users/suvamgayen/My Project/go-mart-backend/app.js:38:17)
      at Module._compile (internal/modules/cjs/loader.js:1068:30),
  level: 'error',
  message: 'uncaughtException: Unexpected identifier\n' +
    '/Users/suvamgayen/My Project/go-mart-backend/controller/user.controller.js:248\n' +
    '        addressLine1,\n' +
    '        ^^^^^^^^^^^^\n' +
    '\n' +
    'SyntaxError: Unexpected identifier\n' +
    '    at wrapSafe (internal/modules/cjs/loader.js:984:16)\n' +
    '    at Module._compile (internal/modules/cjs/loader.js:1032:27)\n' +
    '    at Object.Module._extensions..js (internal/modules/cjs/loader.js:1097:10)\n' +
    '    at Module.load (internal/modules/cjs/loader.js:933:32)\n' +
    '    at Function.Module._load (internal/modules/cjs/loader.js:774:14)\n' +
    '    at Module.require (internal/modules/cjs/loader.js:957:19)\n' +
    '    at require (internal/modules/cjs/helpers.js:88:18)\n' +
    '    at Object.<anonymous> (/Users/suvamgayen/My Project/go-mart-backend/routes/user.route.js:5:24)\n' +
    '    at Module._compile (internal/modules/cjs/loader.js:1068:30)\n' +
    '    at Object.Module._extensions..js (internal/modules/cjs/loader.js:1097:10)\n' +
    '    at Module.load (internal/modules/cjs/loader.js:933:32)\n' +
    '    at Function.Module._load (internal/modules/cjs/loader.js:774:14)\n' +
    '    at Module.require (internal/modules/cjs/loader.js:957:19)\n' +
    '    at require (internal/modules/cjs/helpers.js:88:18)\n' +
    '    at Object.<anonymous> (/Users/suvamgayen/My Project/go-mart-backend/app.js:38:17)\n' +
    '    at Module._compile (internal/modules/cjs/loader.js:1068:30)',
  stack: '/Users/suvamgayen/My Project/go-mart-backend/controller/user.controller.js:248\n' +
    '        addressLine1,\n' +
    '        ^^^^^^^^^^^^\n' +
    '\n' +
    'SyntaxError: Unexpected identifier\n' +
    '    at wrapSafe (internal/modules/cjs/loader.js:984:16)\n' +
    '    at Module._compile (internal/modules/cjs/loader.js:1032:27)\n' +
    '    at Object.Module._extensions..js (internal/modules/cjs/loader.js:1097:10)\n' +
    '    at Module.load (internal/modules/cjs/loader.js:933:32)\n' +
    '    at Function.Module._load (internal/modules/cjs/loader.js:774:14)\n' +
    '    at Module.require (internal/modules/cjs/loader.js:957:19)\n' +
    '    at require (internal/modules/cjs/helpers.js:88:18)\n' +
    '    at Object.<anonymous> (/Users/suvamgayen/My Project/go-mart-backend/routes/user.route.js:5:24)\n' +
    '    at Module._compile (internal/modules/cjs/loader.js:1068:30)\n' +
    '    at Object.Module._extensions..js (internal/modules/cjs/loader.js:1097:10)\n' +
    '    at Module.load (internal/modules/cjs/loader.js:933:32)\n' +
    '    at Function.Module._load (internal/modules/cjs/loader.js:774:14)\n' +
    '    at Module.require (internal/modules/cjs/loader.js:957:19)\n' +
    '    at require (internal/modules/cjs/helpers.js:88:18)\n' +
    '    at Object.<anonymous> (/Users/suvamgayen/My Project/go-mart-backend/app.js:38:17)\n' +
    '    at Module._compile (internal/modules/cjs/loader.js:1068:30)',
  exception: true,
  date: 'Sun May 29 2022 13:16:52 GMT+0530 (India Standard Time)',
  process: {
    pid: 2654,
    uid: 501,
    gid: 20,
    cwd: '/Users/suvamgayen/My Project/go-mart-backend',
    execPath: '/usr/local/bin/node',
    version: 'v14.17.0',
    argv: [
      '/usr/local/bin/node',
      '/Users/suvamgayen/My Project/go-mart-backend/app.js'
    ],
    memoryUsage: {
      rss: 63361024,
      heapTotal: 34983936,
      heapUsed: 21165832,
      external: 19987275,
      arrayBuffers: 18438744
    }
  },
  os: {
    loadavg: [ 2.7451171875, 2.43603515625, 2.25830078125 ],
    uptime: 5565
  },
  trace: [
    {
      column: 16,
      file: 'internal/modules/cjs/loader.js',
      function: 'wrapSafe',
      line: 984,
      method: null,
      native: false
    },
    {
      column: 27,
      file: 'internal/modules/cjs/loader.js',
      function: 'Module._compile',
      line: 1032,
      method: '_compile',
      native: false
    },
    {
      column: 10,
      file: 'internal/modules/cjs/loader.js',
      function: 'Module._extensions..js',
      line: 1097,
      method: '.js',
      native: false
    },
    {
      column: 32,
      file: 'internal/modules/cjs/loader.js',
      function: 'Module.load',
      line: 933,
      method: 'load',
      native: false
    },
    {
      column: 14,
      file: 'internal/modules/cjs/loader.js',
      function: 'Module._load',
      line: 774,
      method: '_load',
      native: false
    },
    {
      column: 19,
      file: 'internal/modules/cjs/loader.js',
      function: 'Module.require',
      line: 957,
      method: 'require',
      native: false
    },
    {
      column: 18,
      file: 'internal/modules/cjs/helpers.js',
      function: 'require',
      line: 88,
      method: null,
      native: false
    },
    {
      column: 24,
      file: '/Users/suvamgayen/My Project/go-mart-backend/routes/user.route.js',
      function: null,
      line: 5,
      method: null,
      native: false
    },
    {
      column: 30,
      file: 'internal/modules/cjs/loader.js',
      function: 'Module._compile',
      line: 1068,
      method: '_compile',
      native: false
    },
    {
      column: 10,
      file: 'internal/modules/cjs/loader.js',
      function: 'Module._extensions..js',
      line: 1097,
      method: '.js',
      native: false
    },
    {
      column: 32,
      file: 'internal/modules/cjs/loader.js',
      function: 'Module.load',
      line: 933,
      method: 'load',
      native: false
    },
    {
      column: 14,
      file: 'internal/modules/cjs/loader.js',
      function: 'Module._load',
      line: 774,
      method: '_load',
      native: false
    },
    {
      column: 19,
      file: 'internal/modules/cjs/loader.js',
      function: 'Module.require',
      line: 957,
      method: 'require',
      native: false
    },
    {
      column: 18,
      file: 'internal/modules/cjs/helpers.js',
      function: 'require',
      line: 88,
      method: null,
      native: false
    },
    {
      column: 17,
      file: '/Users/suvamgayen/My Project/go-mart-backend/app.js',
      function: null,
      line: 38,
      method: null,
      native: false
    },
    {
      column: 30,
      file: 'internal/modules/cjs/loader.js',
      function: 'Module._compile',
      line: 1068,
      method: '_compile',
      native: false
    }
  ],
  timestamp: '2022-05-29T07:46:52.874Z'
}
