{
  message: {
    endpoint: 'GET  http://localhost:3000/v1//category/xyz/products?page_no=2&limit=1',
    ip: '::1',
    error: MongoError: BSON field 'FindCommandRequest.limit' is the wrong type 'string', expected types '[long, int, decimal, double']
        at MessageStream.messageHandler (/Users/suvamgayen/My Project/go-mart-backend/node_modules/mongodb/lib/cmap/connection.js:299:20)
        at MessageStream.emit (events.js:376:20)
        at processIncomingData (/Users/suvamgayen/My Project/go-mart-backend/node_modules/mongodb/lib/cmap/message_stream.js:144:12)
        at MessageStream._write (/Users/suvamgayen/My Project/go-mart-backend/node_modules/mongodb/lib/cmap/message_stream.js:42:5)
        at writeOrBuffer (internal/streams/writable.js:358:12)
        at MessageStream.Writable.write (internal/streams/writable.js:303:10)
        at TLSSocket.ondata (internal/streams/readable.js:745:22)
        at TLSSocket.emit (events.js:376:20)
        at addChunk (internal/streams/readable.js:309:12)
        at readableAddChunk (internal/streams/readable.js:284:9)
        at TLSSocket.Readable.push (internal/streams/readable.js:223:10)
        at TLSWrap.onStreamRead (internal/stream_base_commons.js:188:23) {
      ok: 0,
      code: 14,
      codeName: 'TypeMismatch',
      '$clusterTime': {
        clusterTime: Timestamp {
          _bsontype: 'Timestamp',
          low_: 28,
          high_: 1650179830
        },
        signature: {
          hash: Binary {
            _bsontype: 'Binary',
            sub_type: 0,
            position: 20,
            buffer: <Buffer dd 32 0c 89 b0 60 1a 0c 02 99 33 83 f9 26 70 52 f0 d7 64 79>
          },
          keyId: Long { _bsontype: 'Long', low_: 57, high_: 1636132144 }
        }
      },
      operationTime: Timestamp { _bsontype: 'Timestamp', low_: 28, high_: 1650179830 }
    }
  },
  level: 'error',
  timestamp: '2022-04-17T07:17:10.874Z'
}
{
  message: {
    endpoint: 'GET  http://localhost:3000/v1//category/xyz/products?page_no=1&limit=1',
    ip: '::1',
    error: MongoError: BSON field 'FindCommandRequest.limit' is the wrong type 'string', expected types '[long, int, decimal, double']
        at MessageStream.messageHandler (/Users/suvamgayen/My Project/go-mart-backend/node_modules/mongodb/lib/cmap/connection.js:299:20)
        at MessageStream.emit (events.js:376:20)
        at processIncomingData (/Users/suvamgayen/My Project/go-mart-backend/node_modules/mongodb/lib/cmap/message_stream.js:144:12)
        at MessageStream._write (/Users/suvamgayen/My Project/go-mart-backend/node_modules/mongodb/lib/cmap/message_stream.js:42:5)
        at writeOrBuffer (internal/streams/writable.js:358:12)
        at MessageStream.Writable.write (internal/streams/writable.js:303:10)
        at TLSSocket.ondata (internal/streams/readable.js:745:22)
        at TLSSocket.emit (events.js:376:20)
        at addChunk (internal/streams/readable.js:309:12)
        at readableAddChunk (internal/streams/readable.js:284:9)
        at TLSSocket.Readable.push (internal/streams/readable.js:223:10)
        at TLSWrap.onStreamRead (internal/stream_base_commons.js:188:23) {
      ok: 0,
      code: 14,
      codeName: 'TypeMismatch',
      '$clusterTime': {
        clusterTime: Timestamp {
          _bsontype: 'Timestamp',
          low_: 25,
          high_: 1650179870
        },
        signature: {
          hash: Binary {
            _bsontype: 'Binary',
            sub_type: 0,
            position: 20,
            buffer: <Buffer 68 f7 11 a8 74 fe 4c d0 03 a9 63 3d 8b d9 3d 87 70 47 49 be>
          },
          keyId: Long { _bsontype: 'Long', low_: 57, high_: 1636132144 }
        }
      },
      operationTime: Timestamp { _bsontype: 'Timestamp', low_: 25, high_: 1650179870 }
    }
  },
  level: 'error',
  timestamp: '2022-04-17T07:17:50.878Z'
}
