{
  message: {
    endpoint: 'POST  http://localhost:3000/v1/user/login',
    ip: '::1',
    error: ApiError: User does not exist
        at new BaseError (/Users/suvamgayen/My Project/go-mart-backend/core/baseError.js:8:15)
        at new ApiError (/Users/suvamgayen/My Project/go-mart-backend/core/apiError.js:24:9)
        at /Users/suvamgayen/My Project/go-mart-backend/controller/user.controller.js:154:12
        at /Users/suvamgayen/My Project/go-mart-backend/node_modules/mongoose/lib/model.js:5074:18
        at processTicksAndRejections (internal/process/task_queues.js:77:11) {
      statusCode: 404,
      isOperational: true
    }
  },
  level: 'error',
  timestamp: '2022-04-17T10:12:35.123Z'
}
{
  message: {
    endpoint: 'POST  http://localhost:3000/v1/user/login',
    ip: '::1',
    error: ApiError: User does not exist
        at new BaseError (/Users/suvamgayen/My Project/go-mart-backend/core/baseError.js:8:15)
        at new ApiError (/Users/suvamgayen/My Project/go-mart-backend/core/apiError.js:24:9)
        at /Users/suvamgayen/My Project/go-mart-backend/controller/user.controller.js:154:12
        at /Users/suvamgayen/My Project/go-mart-backend/node_modules/mongoose/lib/model.js:5074:18
        at processTicksAndRejections (internal/process/task_queues.js:77:11) {
      statusCode: 404,
      isOperational: true
    }
  },
  level: 'error',
  timestamp: '2022-04-17T10:12:40.068Z'
}
{
  message: {
    endpoint: 'POST  http://localhost:3000/v1/user/login',
    ip: '::1',
    error: ApiError: User does not exist
        at new BaseError (/Users/suvamgayen/My Project/go-mart-backend/core/baseError.js:8:15)
        at new ApiError (/Users/suvamgayen/My Project/go-mart-backend/core/apiError.js:24:9)
        at /Users/suvamgayen/My Project/go-mart-backend/controller/user.controller.js:154:12
        at /Users/suvamgayen/My Project/go-mart-backend/node_modules/mongoose/lib/model.js:5074:18
        at processTicksAndRejections (internal/process/task_queues.js:77:11) {
      statusCode: 404,
      isOperational: true
    }
  },
  level: 'error',
  timestamp: '2022-04-17T10:14:49.594Z'
}
