{
  message: {
    endpoint: 'POST  http://localhost:3000/v1/admin/login',
    ip: '::1',
    error: ApiError: User does not exist
        at new BaseError (/Users/suvamgayen/My Project/go-mart-backend/core/baseError.js:8:15)
        at new ApiError (/Users/suvamgayen/My Project/go-mart-backend/core/apiError.js:24:9)
        at /Users/suvamgayen/My Project/go-mart-backend/controller/admin.controller.js:42:18
        at /Users/suvamgayen/My Project/go-mart-backend/node_modules/mongoose/lib/model.js:5074:18
        at processTicksAndRejections (internal/process/task_queues.js:77:11) {
      statusCode: 404,
      isOperational: true
    }
  },
  level: 'error',
  timestamp: '2022-04-16T12:32:19.325Z'
}
{
  message: {
    endpoint: 'POST  http://localhost:3000/v1/admin/login',
    ip: '::1',
    error: ApiError: User does not exist
        at new BaseError (/Users/suvamgayen/My Project/go-mart-backend/core/baseError.js:8:15)
        at new ApiError (/Users/suvamgayen/My Project/go-mart-backend/core/apiError.js:24:9)
        at /Users/suvamgayen/My Project/go-mart-backend/controller/admin.controller.js:42:18
        at /Users/suvamgayen/My Project/go-mart-backend/node_modules/mongoose/lib/model.js:5074:18
        at processTicksAndRejections (internal/process/task_queues.js:77:11) {
      statusCode: 404,
      isOperational: true
    }
  },
  level: 'error',
  timestamp: '2022-04-16T12:33:53.370Z'
}
{
  message: {
    endpoint: 'POST  http://localhost:3000/v1/admin/login',
    ip: '::1',
    error: ApiError: User does not exist
        at new BaseError (/Users/suvamgayen/My Project/go-mart-backend/core/baseError.js:8:15)
        at new ApiError (/Users/suvamgayen/My Project/go-mart-backend/core/apiError.js:24:9)
        at /Users/suvamgayen/My Project/go-mart-backend/controller/admin.controller.js:42:18
        at /Users/suvamgayen/My Project/go-mart-backend/node_modules/mongoose/lib/model.js:5074:18
        at processTicksAndRejections (internal/process/task_queues.js:77:11) {
      statusCode: 404,
      isOperational: true
    }
  },
  level: 'error',
  timestamp: '2022-04-16T12:34:05.655Z'
}
{
  message: {
    endpoint: 'POST  http://localhost:3000/v1/admin/login',
    ip: '::1',
    error: ApiError: User does not exist
        at new BaseError (/Users/suvamgayen/My Project/go-mart-backend/core/baseError.js:8:15)
        at new ApiError (/Users/suvamgayen/My Project/go-mart-backend/core/apiError.js:24:9)
        at /Users/suvamgayen/My Project/go-mart-backend/controller/admin.controller.js:42:18
        at /Users/suvamgayen/My Project/go-mart-backend/node_modules/mongoose/lib/model.js:5074:18
        at processTicksAndRejections (internal/process/task_queues.js:77:11) {
      statusCode: 404,
      isOperational: true
    }
  },
  level: 'error',
  timestamp: '2022-04-16T12:34:35.666Z'
}
{
  error: /Users/suvamgayen/My Project/go-mart-backend/controller/admin.controller.js:16
  }, (err, res) => {
  ^
  
  SyntaxError: Unexpected token '}'
      at wrapSafe (internal/modules/cjs/loader.js:984:16)
      at Module._compile (internal/modules/cjs/loader.js:1032:27)
      at Object.Module._extensions..js (internal/modules/cjs/loader.js:1097:10)
      at Module.load (internal/modules/cjs/loader.js:933:32)
      at Function.Module._load (internal/modules/cjs/loader.js:774:14)
      at Module.require (internal/modules/cjs/loader.js:957:19)
      at require (internal/modules/cjs/helpers.js:88:18)
      at Object.<anonymous> (/Users/suvamgayen/My Project/go-mart-backend/routes/admin.router.js:3:25)
      at Module._compile (internal/modules/cjs/loader.js:1068:30)
      at Object.Module._extensions..js (internal/modules/cjs/loader.js:1097:10)
      at Module.load (internal/modules/cjs/loader.js:933:32)
      at Function.Module._load (internal/modules/cjs/loader.js:774:14)
      at Module.require (internal/modules/cjs/loader.js:957:19)
      at require (internal/modules/cjs/helpers.js:88:18)
      at Object.<anonymous> (/Users/suvamgayen/My Project/go-mart-backend/app.js:37:23)
      at Module._compile (internal/modules/cjs/loader.js:1068:30),
  level: 'error',
  message: "uncaughtException: Unexpected token '}'\n" +
    '/Users/suvamgayen/My Project/go-mart-backend/controller/admin.controller.js:16\n' +
    '}, (err, res) => {\n' +
    '^\n' +
    '\n' +
    "SyntaxError: Unexpected token '}'\n" +
    '    at wrapSafe (internal/modules/cjs/loader.js:984:16)\n' +
    '    at Module._compile (internal/modules/cjs/loader.js:1032:27)\n' +
    '    at Object.Module._extensions..js (internal/modules/cjs/loader.js:1097:10)\n' +
    '    at Module.load (internal/modules/cjs/loader.js:933:32)\n' +
    '    at Function.Module._load (internal/modules/cjs/loader.js:774:14)\n' +
    '    at Module.require (internal/modules/cjs/loader.js:957:19)\n' +
    '    at require (internal/modules/cjs/helpers.js:88:18)\n' +
    '    at Object.<anonymous> (/Users/suvamgayen/My Project/go-mart-backend/routes/admin.router.js:3:25)\n' +
    '    at Module._compile (internal/modules/cjs/loader.js:1068:30)\n' +
    '    at Object.Module._extensions..js (internal/modules/cjs/loader.js:1097:10)\n' +
    '    at Module.load (internal/modules/cjs/loader.js:933:32)\n' +
    '    at Function.Module._load (internal/modules/cjs/loader.js:774:14)\n' +
    '    at Module.require (internal/modules/cjs/loader.js:957:19)\n' +
    '    at require (internal/modules/cjs/helpers.js:88:18)\n' +
    '    at Object.<anonymous> (/Users/suvamgayen/My Project/go-mart-backend/app.js:37:23)\n' +
    '    at Module._compile (internal/modules/cjs/loader.js:1068:30)',
  stack: '/Users/suvamgayen/My Project/go-mart-backend/controller/admin.controller.js:16\n' +
    '}, (err, res) => {\n' +
    '^\n' +
    '\n' +
    "SyntaxError: Unexpected token '}'\n" +
    '    at wrapSafe (internal/modules/cjs/loader.js:984:16)\n' +
    '    at Module._compile (internal/modules/cjs/loader.js:1032:27)\n' +
    '    at Object.Module._extensions..js (internal/modules/cjs/loader.js:1097:10)\n' +
    '    at Module.load (internal/modules/cjs/loader.js:933:32)\n' +
    '    at Function.Module._load (internal/modules/cjs/loader.js:774:14)\n' +
    '    at Module.require (internal/modules/cjs/loader.js:957:19)\n' +
    '    at require (internal/modules/cjs/helpers.js:88:18)\n' +
    '    at Object.<anonymous> (/Users/suvamgayen/My Project/go-mart-backend/routes/admin.router.js:3:25)\n' +
    '    at Module._compile (internal/modules/cjs/loader.js:1068:30)\n' +
    '    at Object.Module._extensions..js (internal/modules/cjs/loader.js:1097:10)\n' +
    '    at Module.load (internal/modules/cjs/loader.js:933:32)\n' +
    '    at Function.Module._load (internal/modules/cjs/loader.js:774:14)\n' +
    '    at Module.require (internal/modules/cjs/loader.js:957:19)\n' +
    '    at require (internal/modules/cjs/helpers.js:88:18)\n' +
    '    at Object.<anonymous> (/Users/suvamgayen/My Project/go-mart-backend/app.js:37:23)\n' +
    '    at Module._compile (internal/modules/cjs/loader.js:1068:30)',
  exception: true,
  date: 'Sat Apr 16 2022 18:06:38 GMT+0530 (India Standard Time)',
  process: {
    pid: 3272,
    uid: 501,
    gid: 20,
    cwd: '/Users/suvamgayen/My Project/go-mart-backend',
    execPath: '/usr/local/bin/node',
    version: 'v14.17.0',
    argv: [
      '/usr/local/bin/node',
      '/Users/suvamgayen/My Project/go-mart-backend/app.js'
    ],
    memoryUsage: {
      rss: 62029824,
      heapTotal: 34983936,
      heapUsed: 22230376,
      external: 20066568,
      arrayBuffers: 18509366
    }
  },
  os: {
    loadavg: [ 3.79541015625, 2.8173828125, 2.56494140625 ],
    uptime: 7577
  },
  trace: [
    {
      column: 16,
      file: 'internal/modules/cjs/loader.js',
      function: 'wrapSafe',
      line: 984,
      method: null,
      native: false
    },
    {
      column: 27,
      file: 'internal/modules/cjs/loader.js',
      function: 'Module._compile',
      line: 1032,
      method: '_compile',
      native: false
    },
    {
      column: 10,
      file: 'internal/modules/cjs/loader.js',
      function: 'Module._extensions..js',
      line: 1097,
      method: '.js',
      native: false
    },
    {
      column: 32,
      file: 'internal/modules/cjs/loader.js',
      function: 'Module.load',
      line: 933,
      method: 'load',
      native: false
    },
    {
      column: 14,
      file: 'internal/modules/cjs/loader.js',
      function: 'Module._load',
      line: 774,
      method: '_load',
      native: false
    },
    {
      column: 19,
      file: 'internal/modules/cjs/loader.js',
      function: 'Module.require',
      line: 957,
      method: 'require',
      native: false
    },
    {
      column: 18,
      file: 'internal/modules/cjs/helpers.js',
      function: 'require',
      line: 88,
      method: null,
      native: false
    },
    {
      column: 25,
      file: '/Users/suvamgayen/My Project/go-mart-backend/routes/admin.router.js',
      function: null,
      line: 3,
      method: null,
      native: false
    },
    {
      column: 30,
      file: 'internal/modules/cjs/loader.js',
      function: 'Module._compile',
      line: 1068,
      method: '_compile',
      native: false
    },
    {
      column: 10,
      file: 'internal/modules/cjs/loader.js',
      function: 'Module._extensions..js',
      line: 1097,
      method: '.js',
      native: false
    },
    {
      column: 32,
      file: 'internal/modules/cjs/loader.js',
      function: 'Module.load',
      line: 933,
      method: 'load',
      native: false
    },
    {
      column: 14,
      file: 'internal/modules/cjs/loader.js',
      function: 'Module._load',
      line: 774,
      method: '_load',
      native: false
    },
    {
      column: 19,
      file: 'internal/modules/cjs/loader.js',
      function: 'Module.require',
      line: 957,
      method: 'require',
      native: false
    },
    {
      column: 18,
      file: 'internal/modules/cjs/helpers.js',
      function: 'require',
      line: 88,
      method: null,
      native: false
    },
    {
      column: 23,
      file: '/Users/suvamgayen/My Project/go-mart-backend/app.js',
      function: null,
      line: 37,
      method: null,
      native: false
    },
    {
      column: 30,
      file: 'internal/modules/cjs/loader.js',
      function: 'Module._compile',
      line: 1068,
      method: '_compile',
      native: false
    }
  ],
  timestamp: '2022-04-16T12:36:38.419Z'
}
{
  error: /Users/suvamgayen/My Project/go-mart-backend/controller/admin.controller.js:16
  }, (err, res) => {
  ^
  
  SyntaxError: Unexpected token '}'
      at wrapSafe (internal/modules/cjs/loader.js:984:16)
      at Module._compile (internal/modules/cjs/loader.js:1032:27)
      at Object.Module._extensions..js (internal/modules/cjs/loader.js:1097:10)
      at Module.load (internal/modules/cjs/loader.js:933:32)
      at Function.Module._load (internal/modules/cjs/loader.js:774:14)
      at Module.require (internal/modules/cjs/loader.js:957:19)
      at require (internal/modules/cjs/helpers.js:88:18)
      at Object.<anonymous> (/Users/suvamgayen/My Project/go-mart-backend/routes/admin.router.js:3:25)
      at Module._compile (internal/modules/cjs/loader.js:1068:30)
      at Object.Module._extensions..js (internal/modules/cjs/loader.js:1097:10)
      at Module.load (internal/modules/cjs/loader.js:933:32)
      at Function.Module._load (internal/modules/cjs/loader.js:774:14)
      at Module.require (internal/modules/cjs/loader.js:957:19)
      at require (internal/modules/cjs/helpers.js:88:18)
      at Object.<anonymous> (/Users/suvamgayen/My Project/go-mart-backend/app.js:37:23)
      at Module._compile (internal/modules/cjs/loader.js:1068:30),
  level: 'error',
  message: "uncaughtException: Unexpected token '}'\n" +
    '/Users/suvamgayen/My Project/go-mart-backend/controller/admin.controller.js:16\n' +
    '}, (err, res) => {\n' +
    '^\n' +
    '\n' +
    "SyntaxError: Unexpected token '}'\n" +
    '    at wrapSafe (internal/modules/cjs/loader.js:984:16)\n' +
    '    at Module._compile (internal/modules/cjs/loader.js:1032:27)\n' +
    '    at Object.Module._extensions..js (internal/modules/cjs/loader.js:1097:10)\n' +
    '    at Module.load (internal/modules/cjs/loader.js:933:32)\n' +
    '    at Function.Module._load (internal/modules/cjs/loader.js:774:14)\n' +
    '    at Module.require (internal/modules/cjs/loader.js:957:19)\n' +
    '    at require (internal/modules/cjs/helpers.js:88:18)\n' +
    '    at Object.<anonymous> (/Users/suvamgayen/My Project/go-mart-backend/routes/admin.router.js:3:25)\n' +
    '    at Module._compile (internal/modules/cjs/loader.js:1068:30)\n' +
    '    at Object.Module._extensions..js (internal/modules/cjs/loader.js:1097:10)\n' +
    '    at Module.load (internal/modules/cjs/loader.js:933:32)\n' +
    '    at Function.Module._load (internal/modules/cjs/loader.js:774:14)\n' +
    '    at Module.require (internal/modules/cjs/loader.js:957:19)\n' +
    '    at require (internal/modules/cjs/helpers.js:88:18)\n' +
    '    at Object.<anonymous> (/Users/suvamgayen/My Project/go-mart-backend/app.js:37:23)\n' +
    '    at Module._compile (internal/modules/cjs/loader.js:1068:30)',
  stack: '/Users/suvamgayen/My Project/go-mart-backend/controller/admin.controller.js:16\n' +
    '}, (err, res) => {\n' +
    '^\n' +
    '\n' +
    "SyntaxError: Unexpected token '}'\n" +
    '    at wrapSafe (internal/modules/cjs/loader.js:984:16)\n' +
    '    at Module._compile (internal/modules/cjs/loader.js:1032:27)\n' +
    '    at Object.Module._extensions..js (internal/modules/cjs/loader.js:1097:10)\n' +
    '    at Module.load (internal/modules/cjs/loader.js:933:32)\n' +
    '    at Function.Module._load (internal/modules/cjs/loader.js:774:14)\n' +
    '    at Module.require (internal/modules/cjs/loader.js:957:19)\n' +
    '    at require (internal/modules/cjs/helpers.js:88:18)\n' +
    '    at Object.<anonymous> (/Users/suvamgayen/My Project/go-mart-backend/routes/admin.router.js:3:25)\n' +
    '    at Module._compile (internal/modules/cjs/loader.js:1068:30)\n' +
    '    at Object.Module._extensions..js (internal/modules/cjs/loader.js:1097:10)\n' +
    '    at Module.load (internal/modules/cjs/loader.js:933:32)\n' +
    '    at Function.Module._load (internal/modules/cjs/loader.js:774:14)\n' +
    '    at Module.require (internal/modules/cjs/loader.js:957:19)\n' +
    '    at require (internal/modules/cjs/helpers.js:88:18)\n' +
    '    at Object.<anonymous> (/Users/suvamgayen/My Project/go-mart-backend/app.js:37:23)\n' +
    '    at Module._compile (internal/modules/cjs/loader.js:1068:30)',
  exception: true,
  date: 'Sat Apr 16 2022 18:07:15 GMT+0530 (India Standard Time)',
  process: {
    pid: 3289,
    uid: 501,
    gid: 20,
    cwd: '/Users/suvamgayen/My Project/go-mart-backend',
    execPath: '/usr/local/bin/node',
    version: 'v14.17.0',
    argv: [
      '/usr/local/bin/node',
      '/Users/suvamgayen/My Project/go-mart-backend/app.js'
    ],
    memoryUsage: {
      rss: 63418368,
      heapTotal: 34983936,
      heapUsed: 22166136,
      external: 20058373,
      arrayBuffers: 18501174
    }
  },
  os: {
    loadavg: [ 3.93603515625, 2.94921875, 2.6220703125 ],
    uptime: 7614
  },
  trace: [
    {
      column: 16,
      file: 'internal/modules/cjs/loader.js',
      function: 'wrapSafe',
      line: 984,
      method: null,
      native: false
    },
    {
      column: 27,
      file: 'internal/modules/cjs/loader.js',
      function: 'Module._compile',
      line: 1032,
      method: '_compile',
      native: false
    },
    {
      column: 10,
      file: 'internal/modules/cjs/loader.js',
      function: 'Module._extensions..js',
      line: 1097,
      method: '.js',
      native: false
    },
    {
      column: 32,
      file: 'internal/modules/cjs/loader.js',
      function: 'Module.load',
      line: 933,
      method: 'load',
      native: false
    },
    {
      column: 14,
      file: 'internal/modules/cjs/loader.js',
      function: 'Module._load',
      line: 774,
      method: '_load',
      native: false
    },
    {
      column: 19,
      file: 'internal/modules/cjs/loader.js',
      function: 'Module.require',
      line: 957,
      method: 'require',
      native: false
    },
    {
      column: 18,
      file: 'internal/modules/cjs/helpers.js',
      function: 'require',
      line: 88,
      method: null,
      native: false
    },
    {
      column: 25,
      file: '/Users/suvamgayen/My Project/go-mart-backend/routes/admin.router.js',
      function: null,
      line: 3,
      method: null,
      native: false
    },
    {
      column: 30,
      file: 'internal/modules/cjs/loader.js',
      function: 'Module._compile',
      line: 1068,
      method: '_compile',
      native: false
    },
    {
      column: 10,
      file: 'internal/modules/cjs/loader.js',
      function: 'Module._extensions..js',
      line: 1097,
      method: '.js',
      native: false
    },
    {
      column: 32,
      file: 'internal/modules/cjs/loader.js',
      function: 'Module.load',
      line: 933,
      method: 'load',
      native: false
    },
    {
      column: 14,
      file: 'internal/modules/cjs/loader.js',
      function: 'Module._load',
      line: 774,
      method: '_load',
      native: false
    },
    {
      column: 19,
      file: 'internal/modules/cjs/loader.js',
      function: 'Module.require',
      line: 957,
      method: 'require',
      native: false
    },
    {
      column: 18,
      file: 'internal/modules/cjs/helpers.js',
      function: 'require',
      line: 88,
      method: null,
      native: false
    },
    {
      column: 23,
      file: '/Users/suvamgayen/My Project/go-mart-backend/app.js',
      function: null,
      line: 37,
      method: null,
      native: false
    },
    {
      column: 30,
      file: 'internal/modules/cjs/loader.js',
      function: 'Module._compile',
      line: 1068,
      method: '_compile',
      native: false
    }
  ],
  timestamp: '2022-04-16T12:37:15.043Z'
}
{
  message: {
    endpoint: 'POST  http://localhost:3000/v1/admin/login/otp',
    ip: '::1',
    error: ApiError: Bad request. The request could not be understood by the server.
        at new BaseError (/Users/suvamgayen/My Project/go-mart-backend/core/baseError.js:8:15)
        at new ApiError (/Users/suvamgayen/My Project/go-mart-backend/core/apiError.js:24:9)
        at /Users/suvamgayen/My Project/go-mart-backend/controller/admin.controller.js:80:18
        at /Users/suvamgayen/My Project/go-mart-backend/node_modules/mongoose/lib/model.js:5074:18
        at processTicksAndRejections (internal/process/task_queues.js:77:11) {
      statusCode: 400,
      isOperational: true
    }
  },
  level: 'error',
  timestamp: '2022-04-16T12:47:58.403Z'
}
{
  message: {
    endpoint: 'POST  http://localhost:3000/v1/admin/login/otp',
    ip: '::1',
    error: ApiError: Bad request. The request could not be understood by the server.
        at new BaseError (/Users/suvamgayen/My Project/go-mart-backend/core/baseError.js:8:15)
        at new ApiError (/Users/suvamgayen/My Project/go-mart-backend/core/apiError.js:24:9)
        at /Users/suvamgayen/My Project/go-mart-backend/controller/admin.controller.js:80:18
        at /Users/suvamgayen/My Project/go-mart-backend/node_modules/mongoose/lib/model.js:5074:18
        at processTicksAndRejections (internal/process/task_queues.js:77:11) {
      statusCode: 400,
      isOperational: true
    }
  },
  level: 'error',
  timestamp: '2022-04-16T12:48:28.884Z'
}
{
  message: {
    endpoint: 'POST  http://localhost:3000/v1/admin/login/otp',
    ip: '::1',
    error: ApiError: Bad request. The request could not be understood by the server.
        at new BaseError (/Users/suvamgayen/My Project/go-mart-backend/core/baseError.js:8:15)
        at new ApiError (/Users/suvamgayen/My Project/go-mart-backend/core/apiError.js:24:9)
        at /Users/suvamgayen/My Project/go-mart-backend/controller/admin.controller.js:81:18
        at /Users/suvamgayen/My Project/go-mart-backend/node_modules/mongoose/lib/model.js:5074:18
        at processTicksAndRejections (internal/process/task_queues.js:77:11) {
      statusCode: 400,
      isOperational: true
    }
  },
  level: 'error',
  timestamp: '2022-04-16T12:49:12.529Z'
}
{
  message: {
    endpoint: 'POST  http://localhost:3000/v1/admin/login/otp',
    ip: '::1',
    error: ApiError: Bad request. The request could not be understood by the server.
        at new BaseError (/Users/suvamgayen/My Project/go-mart-backend/core/baseError.js:8:15)
        at new ApiError (/Users/suvamgayen/My Project/go-mart-backend/core/apiError.js:24:9)
        at /Users/suvamgayen/My Project/go-mart-backend/controller/admin.controller.js:81:18
        at /Users/suvamgayen/My Project/go-mart-backend/node_modules/mongoose/lib/model.js:5074:18
        at processTicksAndRejections (internal/process/task_queues.js:77:11) {
      statusCode: 400,
      isOperational: true
    }
  },
  level: 'error',
  timestamp: '2022-04-16T12:49:49.890Z'
}
{
  message: {
    endpoint: 'POST  http://localhost:3000/v1/admin/login/otp',
    ip: '::1',
    error: ApiError: Bad request. The request could not be understood by the server.
        at new BaseError (/Users/suvamgayen/My Project/go-mart-backend/core/baseError.js:8:15)
        at new ApiError (/Users/suvamgayen/My Project/go-mart-backend/core/apiError.js:24:9)
        at /Users/suvamgayen/My Project/go-mart-backend/controller/admin.controller.js:81:18
        at /Users/suvamgayen/My Project/go-mart-backend/node_modules/mongoose/lib/model.js:5074:18
        at processTicksAndRejections (internal/process/task_queues.js:77:11) {
      statusCode: 400,
      isOperational: true
    }
  },
  level: 'error',
  timestamp: '2022-04-16T12:50:40.598Z'
}
{
  message: {
    endpoint: 'POST  http://localhost:3000/v1/admin/login/otp',
    ip: '::1',
    error: ApiError: Bad request. The request could not be understood by the server.
        at new BaseError (/Users/suvamgayen/My Project/go-mart-backend/core/baseError.js:8:15)
        at new ApiError (/Users/suvamgayen/My Project/go-mart-backend/core/apiError.js:24:9)
        at /Users/suvamgayen/My Project/go-mart-backend/controller/admin.controller.js:80:18
        at /Users/suvamgayen/My Project/go-mart-backend/node_modules/mongoose/lib/model.js:5074:18
        at processTicksAndRejections (internal/process/task_queues.js:77:11) {
      statusCode: 400,
      isOperational: true
    }
  },
  level: 'error',
  timestamp: '2022-04-16T12:51:09.579Z'
}
