{
  message: {
    endpoint: 'POST  http://localhost:3000/v1/user/login',
    ip: '::1',
    error: ApiError: User does not exist
        at new BaseError (/Users/suvamgayen/My Project/go-mart-backend/core/baseError.js:8:15)
        at new ApiError (/Users/suvamgayen/My Project/go-mart-backend/core/apiError.js:24:9)
        at /Users/suvamgayen/My Project/go-mart-backend/controller/user.controller.js:154:12
        at /Users/suvamgayen/My Project/go-mart-backend/node_modules/mongoose/lib/model.js:5074:18
        at processTicksAndRejections (internal/process/task_queues.js:77:11) {
      statusCode: 404,
      isOperational: true
    }
  },
  level: 'error',
  timestamp: '2022-05-28T14:31:42.355Z'
}
{
  message: {
    endpoint: 'POST  http://localhost:3000/v1/user/login',
    ip: '::1',
    error: ApiError: User does not exist
        at new BaseError (/Users/suvamgayen/My Project/go-mart-backend/core/baseError.js:8:15)
        at new ApiError (/Users/suvamgayen/My Project/go-mart-backend/core/apiError.js:24:9)
        at /Users/suvamgayen/My Project/go-mart-backend/controller/user.controller.js:154:12
        at /Users/suvamgayen/My Project/go-mart-backend/node_modules/mongoose/lib/model.js:5074:18
        at processTicksAndRejections (internal/process/task_queues.js:77:11) {
      statusCode: 404,
      isOperational: true
    }
  },
  level: 'error',
  timestamp: '2022-05-28T14:31:46.551Z'
}
{
  message: {
    endpoint: 'POST  http://localhost:3000/v1/user/login',
    ip: '::1',
    error: ApiError: User does not exist
        at new BaseError (/Users/suvamgayen/My Project/go-mart-backend/core/baseError.js:8:15)
        at new ApiError (/Users/suvamgayen/My Project/go-mart-backend/core/apiError.js:24:9)
        at /Users/suvamgayen/My Project/go-mart-backend/controller/user.controller.js:154:12
        at /Users/suvamgayen/My Project/go-mart-backend/node_modules/mongoose/lib/model.js:5074:18
        at processTicksAndRejections (internal/process/task_queues.js:77:11) {
      statusCode: 404,
      isOperational: true
    }
  },
  level: 'error',
  timestamp: '2022-05-28T14:33:01.507Z'
}
{
  message: {
    endpoint: 'POST  http://localhost:3000/v1/user/login',
    ip: '::1',
    error: ApiError: User does not exist
        at new BaseError (/Users/suvamgayen/My Project/go-mart-backend/core/baseError.js:8:15)
        at new ApiError (/Users/suvamgayen/My Project/go-mart-backend/core/apiError.js:24:9)
        at /Users/suvamgayen/My Project/go-mart-backend/controller/user.controller.js:154:12
        at /Users/suvamgayen/My Project/go-mart-backend/node_modules/mongoose/lib/model.js:5074:18
        at processTicksAndRejections (internal/process/task_queues.js:77:11) {
      statusCode: 404,
      isOperational: true
    }
  },
  level: 'error',
  timestamp: '2022-05-28T14:33:02.494Z'
}
{
  message: {
    endpoint: 'POST  http://localhost:3000/v1/user/login',
    ip: '::1',
    error: ApiError: User does not exist
        at new BaseError (/Users/suvamgayen/My Project/go-mart-backend/core/baseError.js:8:15)
        at new ApiError (/Users/suvamgayen/My Project/go-mart-backend/core/apiError.js:24:9)
        at /Users/suvamgayen/My Project/go-mart-backend/controller/user.controller.js:154:12
        at /Users/suvamgayen/My Project/go-mart-backend/node_modules/mongoose/lib/model.js:5074:18
        at processTicksAndRejections (internal/process/task_queues.js:77:11) {
      statusCode: 404,
      isOperational: true
    }
  },
  level: 'error',
  timestamp: '2022-05-28T14:33:05.735Z'
}
{
  message: {
    endpoint: 'POST  http://localhost:3000/v1/user/login',
    ip: '::1',
    error: ApiError: User does not exist
        at new BaseError (/Users/suvamgayen/My Project/go-mart-backend/core/baseError.js:8:15)
        at new ApiError (/Users/suvamgayen/My Project/go-mart-backend/core/apiError.js:24:9)
        at /Users/suvamgayen/My Project/go-mart-backend/controller/user.controller.js:154:12
        at /Users/suvamgayen/My Project/go-mart-backend/node_modules/mongoose/lib/model.js:5074:18
        at processTicksAndRejections (internal/process/task_queues.js:77:11) {
      statusCode: 404,
      isOperational: true
    }
  },
  level: 'error',
  timestamp: '2022-05-28T14:47:52.115Z'
}
{
  message: {
    endpoint: 'POST  http://localhost:3000/v1/user/login',
    ip: '::1',
    error: ApiError: User does not exist
        at new BaseError (/Users/suvamgayen/My Project/go-mart-backend/core/baseError.js:8:15)
        at new ApiError (/Users/suvamgayen/My Project/go-mart-backend/core/apiError.js:24:9)
        at /Users/suvamgayen/My Project/go-mart-backend/controller/user.controller.js:154:12
        at /Users/suvamgayen/My Project/go-mart-backend/node_modules/mongoose/lib/model.js:5074:18
        at processTicksAndRejections (internal/process/task_queues.js:77:11) {
      statusCode: 404,
      isOperational: true
    }
  },
  level: 'error',
  timestamp: '2022-05-28T15:18:19.546Z'
}
{
  message: {
    endpoint: 'POST  http://localhost:3000/v1/user/login',
    ip: '::1',
    error: ApiError: User does not exist
        at new BaseError (/Users/suvamgayen/My Project/go-mart-backend/core/baseError.js:8:15)
        at new ApiError (/Users/suvamgayen/My Project/go-mart-backend/core/apiError.js:24:9)
        at /Users/suvamgayen/My Project/go-mart-backend/controller/user.controller.js:154:12
        at /Users/suvamgayen/My Project/go-mart-backend/node_modules/mongoose/lib/model.js:5074:18
        at processTicksAndRejections (internal/process/task_queues.js:77:11) {
      statusCode: 404,
      isOperational: true
    }
  },
  level: 'error',
  timestamp: '2022-05-28T15:24:45.915Z'
}
{
  message: {
    endpoint: 'POST  http://localhost:3000/v1/user/login',
    ip: '::1',
    error: ApiError: User does not exist
        at new BaseError (/Users/suvamgayen/My Project/go-mart-backend/core/baseError.js:8:15)
        at new ApiError (/Users/suvamgayen/My Project/go-mart-backend/core/apiError.js:24:9)
        at /Users/suvamgayen/My Project/go-mart-backend/controller/user.controller.js:154:12
        at /Users/suvamgayen/My Project/go-mart-backend/node_modules/mongoose/lib/model.js:5074:18
        at processTicksAndRejections (internal/process/task_queues.js:77:11) {
      statusCode: 404,
      isOperational: true
    }
  },
  level: 'error',
  timestamp: '2022-05-28T15:25:28.642Z'
}
{
  message: {
    endpoint: 'POST  http://localhost:3000/v1/user/login',
    ip: '::1',
    error: ApiError: User does not exist
        at new BaseError (/Users/suvamgayen/My Project/go-mart-backend/core/baseError.js:8:15)
        at new ApiError (/Users/suvamgayen/My Project/go-mart-backend/core/apiError.js:24:9)
        at /Users/suvamgayen/My Project/go-mart-backend/controller/user.controller.js:154:12
        at /Users/suvamgayen/My Project/go-mart-backend/node_modules/mongoose/lib/model.js:5074:18
        at processTicksAndRejections (internal/process/task_queues.js:77:11) {
      statusCode: 404,
      isOperational: true
    }
  },
  level: 'error',
  timestamp: '2022-05-28T15:27:43.725Z'
}
